<?xml version="1.0" encoding="UTF-8"?>
<testsuite name="com.tool.reporting.ProjectServiceTest" tests="3" skipped="0" failures="0" errors="0" timestamp="2019-02-24T14:43:33" hostname="ascension" time="3.464">
  <properties/>
  <testcase name="updateProject" classname="com.tool.reporting.ProjectServiceTest" time="0.549"/>
  <testcase name="deleteProject" classname="com.tool.reporting.ProjectServiceTest" time="0.082"/>
  <testcase name="saveProjectTest" classname="com.tool.reporting.ProjectServiceTest" time="0.261"/>
  <system-out><![CDATA[20:13:26.678 [Test worker] DEBUG org.springframework.test.context.junit4.SpringJUnit4ClassRunner - SpringJUnit4ClassRunner constructor called with [class com.tool.reporting.ProjectServiceTest]
20:13:26.694 [Test worker] DEBUG org.springframework.test.context.BootstrapUtils - Instantiating CacheAwareContextLoaderDelegate from class [org.springframework.test.context.cache.DefaultCacheAwareContextLoaderDelegate]
20:13:26.703 [Test worker] DEBUG org.springframework.test.context.BootstrapUtils - Instantiating BootstrapContext using constructor [public org.springframework.test.context.support.DefaultBootstrapContext(java.lang.Class,org.springframework.test.context.CacheAwareContextLoaderDelegate)]
20:13:26.731 [Test worker] DEBUG org.springframework.test.context.BootstrapUtils - Instantiating TestContextBootstrapper for test class [com.tool.reporting.ProjectServiceTest] from class [org.springframework.boot.test.context.SpringBootTestContextBootstrapper]
20:13:26.747 [Test worker] INFO org.springframework.boot.test.context.SpringBootTestContextBootstrapper - Neither @ContextConfiguration nor @ContextHierarchy found for test class [com.tool.reporting.ProjectServiceTest], using SpringBootContextLoader
20:13:26.751 [Test worker] DEBUG org.springframework.test.context.support.AbstractContextLoader - Did not detect default resource location for test class [com.tool.reporting.ProjectServiceTest]: class path resource [com/tool/reporting/ProjectServiceTest-context.xml] does not exist
20:13:26.752 [Test worker] DEBUG org.springframework.test.context.support.AbstractContextLoader - Did not detect default resource location for test class [com.tool.reporting.ProjectServiceTest]: class path resource [com/tool/reporting/ProjectServiceTestContext.groovy] does not exist
20:13:26.752 [Test worker] INFO org.springframework.test.context.support.AbstractContextLoader - Could not detect default resource locations for test class [com.tool.reporting.ProjectServiceTest]: no resource found for suffixes {-context.xml, Context.groovy}.
20:13:26.834 [Test worker] DEBUG org.springframework.test.context.support.ActiveProfilesUtils - Could not find an 'annotation declaring class' for annotation type [org.springframework.test.context.ActiveProfiles] and class [com.tool.reporting.ProjectServiceTest]
20:13:27.003 [Test worker] DEBUG org.springframework.boot.test.context.SpringBootTestContextBootstrapper - @TestExecutionListeners is not present for class [com.tool.reporting.ProjectServiceTest]: using defaults.
20:13:27.005 [Test worker] INFO org.springframework.boot.test.context.SpringBootTestContextBootstrapper - Loaded default TestExecutionListener class names from location [META-INF/spring.factories]: [org.spockframework.spring.SpringMockTestExecutionListener, org.springframework.boot.test.autoconfigure.restdocs.RestDocsTestExecutionListener, org.springframework.boot.test.autoconfigure.web.client.MockRestServiceServerResetTestExecutionListener, org.springframework.boot.test.autoconfigure.web.servlet.MockMvcPrintOnlyOnFailureTestExecutionListener, org.springframework.boot.test.autoconfigure.web.servlet.WebDriverTestExecutionListener, org.springframework.boot.test.mock.mockito.MockitoTestExecutionListener, org.springframework.boot.test.mock.mockito.ResetMocksTestExecutionListener, org.springframework.test.context.web.ServletTestExecutionListener, org.springframework.test.context.support.DirtiesContextBeforeModesTestExecutionListener, org.springframework.test.context.support.DependencyInjectionTestExecutionListener, org.springframework.test.context.support.DirtiesContextTestExecutionListener, org.springframework.test.context.transaction.TransactionalTestExecutionListener, org.springframework.test.context.jdbc.SqlScriptsTestExecutionListener]
20:13:27.031 [Test worker] DEBUG org.springframework.boot.test.context.SpringBootTestContextBootstrapper - Skipping candidate TestExecutionListener [org.springframework.test.context.web.ServletTestExecutionListener] due to a missing dependency. Specify custom listener classes or make the default listener classes and their required dependencies available. Offending class: [javax/servlet/ServletContext]
20:13:27.041 [Test worker] INFO org.springframework.boot.test.context.SpringBootTestContextBootstrapper - Using TestExecutionListeners: [org.springframework.test.context.support.DirtiesContextBeforeModesTestExecutionListener@7507d90d, org.springframework.boot.test.mock.mockito.MockitoTestExecutionListener@5e4a032e, org.springframework.boot.test.autoconfigure.SpringBootDependencyInjectionTestExecutionListener@1430adaa, org.springframework.test.context.support.DirtiesContextTestExecutionListener@2fbe5172, org.springframework.test.context.transaction.TransactionalTestExecutionListener@643a3a39, org.springframework.test.context.jdbc.SqlScriptsTestExecutionListener@6ae706e3, org.springframework.boot.test.autoconfigure.restdocs.RestDocsTestExecutionListener@7bababe8, org.springframework.boot.test.autoconfigure.web.client.MockRestServiceServerResetTestExecutionListener@26c3502e, org.springframework.boot.test.autoconfigure.web.servlet.MockMvcPrintOnlyOnFailureTestExecutionListener@131d4d3d, org.springframework.boot.test.autoconfigure.web.servlet.WebDriverTestExecutionListener@419f81a3, org.springframework.boot.test.mock.mockito.ResetMocksTestExecutionListener@674d9693, org.spockframework.spring.SpringMockTestExecutionListener@5b33f874]
20:13:27.045 [Test worker] DEBUG org.springframework.test.annotation.ProfileValueUtils - Retrieved @ProfileValueSourceConfiguration [null] for test class [com.tool.reporting.ProjectServiceTest]
20:13:27.046 [Test worker] DEBUG org.springframework.test.annotation.ProfileValueUtils - Retrieved ProfileValueSource type [class org.springframework.test.annotation.SystemProfileValueSource] for class [com.tool.reporting.ProjectServiceTest]
20:13:27.047 [Test worker] DEBUG org.springframework.test.annotation.ProfileValueUtils - Retrieved @ProfileValueSourceConfiguration [null] for test class [com.tool.reporting.ProjectServiceTest]
20:13:27.048 [Test worker] DEBUG org.springframework.test.annotation.ProfileValueUtils - Retrieved ProfileValueSource type [class org.springframework.test.annotation.SystemProfileValueSource] for class [com.tool.reporting.ProjectServiceTest]
20:13:27.054 [Test worker] DEBUG org.springframework.test.context.support.AbstractDirtiesContextTestExecutionListener - Before test class: context [DefaultTestContext@3429216c testClass = ProjectServiceTest, testInstance = [null], testMethod = [null], testException = [null], mergedContextConfiguration = [MergedContextConfiguration@3e2acc98 testClass = ProjectServiceTest, locations = '{}', classes = '{class com.tool.reporting.SpringCoreApplication, class com.tool.reporting.SpringCoreApplication}', contextInitializerClasses = '[]', activeProfiles = '{}', propertySourceLocations = '{}', propertySourceProperties = '{org.springframework.boot.test.context.SpringBootTestContextBootstrapper=true}', contextCustomizers = set[org.spockframework.spring.mock.SpockContextCustomizer@0, org.springframework.boot.test.autoconfigure.properties.PropertyMappingContextCustomizer@0, org.springframework.boot.test.autoconfigure.web.servlet.WebDriverContextCustomizerFactory$Customizer@f9b5fd8, org.springframework.boot.test.context.filter.ExcludeFilterContextCustomizer@5d4634c4, org.springframework.boot.test.json.DuplicateJsonObjectContextCustomizerFactory$DuplicateJsonObjectContextCustomizer@32fb2516, org.springframework.boot.test.mock.mockito.MockitoContextCustomizer@0, org.springframework.boot.test.web.client.TestRestTemplateContextCustomizer@5e15b86d], contextLoader = 'org.springframework.boot.test.context.SpringBootContextLoader', parent = [null]], attributes = map[[empty]]], class annotated with @DirtiesContext [false] with mode [null].
20:13:27.058 [Test worker] DEBUG org.springframework.test.annotation.ProfileValueUtils - Retrieved @ProfileValueSourceConfiguration [null] for test class [com.tool.reporting.ProjectServiceTest]
20:13:27.058 [Test worker] DEBUG org.springframework.test.annotation.ProfileValueUtils - Retrieved ProfileValueSource type [class org.springframework.test.annotation.SystemProfileValueSource] for class [com.tool.reporting.ProjectServiceTest]
20:13:27.078 [Test worker] DEBUG org.springframework.test.context.support.DependencyInjectionTestExecutionListener - Performing dependency injection for test context [[DefaultTestContext@3429216c testClass = ProjectServiceTest, testInstance = com.tool.reporting.ProjectServiceTest@4757e3b4, testMethod = [null], testException = [null], mergedContextConfiguration = [MergedContextConfiguration@3e2acc98 testClass = ProjectServiceTest, locations = '{}', classes = '{class com.tool.reporting.SpringCoreApplication, class com.tool.reporting.SpringCoreApplication}', contextInitializerClasses = '[]', activeProfiles = '{}', propertySourceLocations = '{}', propertySourceProperties = '{org.springframework.boot.test.context.SpringBootTestContextBootstrapper=true}', contextCustomizers = set[org.spockframework.spring.mock.SpockContextCustomizer@0, org.springframework.boot.test.autoconfigure.properties.PropertyMappingContextCustomizer@0, org.springframework.boot.test.autoconfigure.web.servlet.WebDriverContextCustomizerFactory$Customizer@f9b5fd8, org.springframework.boot.test.context.filter.ExcludeFilterContextCustomizer@5d4634c4, org.springframework.boot.test.json.DuplicateJsonObjectContextCustomizerFactory$DuplicateJsonObjectContextCustomizer@32fb2516, org.springframework.boot.test.mock.mockito.MockitoContextCustomizer@0, org.springframework.boot.test.web.client.TestRestTemplateContextCustomizer@5e15b86d], contextLoader = 'org.springframework.boot.test.context.SpringBootContextLoader', parent = [null]], attributes = map[[empty]]]].
20:13:27.116 [Test worker] DEBUG org.springframework.test.context.support.TestPropertySourceUtils - Adding inlined properties to environment: {spring.jmx.enabled=false, org.springframework.boot.test.context.SpringBootTestContextBootstrapper=true, server.port=-1}
?[2m2019-02-24 20:13:27.576?[0;39m ?[32mDEBUG?[0;39m ?[35m30201?[0;39m ?[2m---?[0;39m ?[2m[    Test worker]?[0;39m ?[36m.c.l.ClasspathLoggingApplicationListener?[0;39m ?[2m:?[0;39m Application started with classpath: [file:/home/icy/.gradle/caches/4.10/workerMain/gradle-worker.jar, file:/home/icy/source/java/spring-projectclass/Status_Reporting_Tool_G1/core/build/classes/java/test/, file:/home/icy/source/java/spring-projectclass/Status_Reporting_Tool_G1/core/build/resources/test, file:/home/icy/source/java/spring-projectclass/Status_Reporting_Tool_G1/core/build/classes/java/main/, file:/home/icy/source/java/spring-projectclass/Status_Reporting_Tool_G1/core/build/resources/main/, file:/home/icy/.gradle/caches/modules-2/files-2.1/cglib/cglib-nodep/3.2.10/1960483f42e8dd0830a1aec0a4a823569698ba34/cglib-nodep-3.2.10.jar, file:/home/icy/.gradle/caches/modules-2/files-2.1/org.springframework.boot/spring-boot-starter-test/2.1.2.RELEASE/578bf9f4d8223ac004dda4a7e742a6cfc93eed0/spring-boot-starter-test-2.1.2.RELEASE.jar, file:/home/icy/.gradle/caches/modules-2/files-2.1/org.springframework.boot/spring-boot-starter-data-jpa/2.1.2.RELEASE/43691a5ea941621098078a86fffaba97481a30ff/spring-boot-starter-data-jpa-2.1.2.RELEASE.jar, file:/home/icy/.gradle/caches/modules-2/files-2.1/org.springframework.boot/spring-boot-starter-aop/2.1.2.RELEASE/d4266d045585b54b0cef23bc725af66793d96c4c/spring-boot-starter-aop-2.1.2.RELEASE.jar, file:/home/icy/.gradle/caches/modules-2/files-2.1/org.springframework.boot/spring-boot-starter-jdbc/2.1.2.RELEASE/7ab23ed460150c83dac09769dd6467b0ac5ee467/spring-boot-starter-jdbc-2.1.2.RELEASE.jar, file:/home/icy/.gradle/caches/modules-2/files-2.1/org.springframework.boot/spring-boot-starter/2.1.2.RELEASE/d2d5f6e546980503ca79e4a2e9f4e31c47c3e32f/spring-boot-starter-2.1.2.RELEASE.jar, file:/home/icy/.gradle/caches/modules-2/files-2.1/com.h2database/h2/1.4.197/bb391050048ca8ae3e32451b5a3714ecd3596a46/h2-1.4.197.jar, file:/home/icy/.gradle/caches/modules-2/files-2.1/org.spockframework/spock-spring/1.2-groovy-2.5/61a10381374df3e489bafb0a10385663cb3e4c31/spock-spring-1.2-groovy-2.5.jar, file:/home/icy/.gradle/caches/modules-2/files-2.1/org.springframework.boot/spring-boot-test-autoconfigure/2.1.2.RELEASE/1c73119a147277181c16d3bf6cb28078a7c30a3b/spring-boot-test-autoconfigure-2.1.2.RELEASE.jar, file:/home/icy/.gradle/caches/modules-2/files-2.1/org.springframework.boot/spring-boot-autoconfigure/2.1.2.RELEASE/5f90ffc7937a051b38fb8322289e3d92831829bf/spring-boot-autoconfigure-2.1.2.RELEASE.jar, file:/home/icy/.gradle/caches/modules-2/files-2.1/org.springframework.boot/spring-boot-test/2.1.2.RELEASE/89b227adbba0d6e9b85a2fde9119ef00428a45e3/spring-boot-test-2.1.2.RELEASE.jar, file:/home/icy/.gradle/caches/modules-2/files-2.1/org.springframework.boot/spring-boot/2.1.2.RELEASE/ea72e00516adf1a97f0e4b023ad55e79686cefac/spring-boot-2.1.2.RELEASE.jar, file:/home/icy/.gradle/caches/modules-2/files-2.1/org.springframework.boot/spring-boot-starter-logging/2.1.2.RELEASE/4179271aa0ef84f0329a674f6fc83cebc75caea8/spring-boot-starter-logging-2.1.2.RELEASE.jar, file:/home/icy/.gradle/caches/modules-2/files-2.1/javax.annotation/javax.annotation-api/1.3.2/934c04d3cfef185a8008e7bf34331b79730a9d43/javax.annotation-api-1.3.2.jar, file:/home/icy/.gradle/caches/modules-2/files-2.1/org.springframework.data/spring-data-jpa/2.1.4.RELEASE/aedc52b1f5acdfe11cb665d0ad3920de8bca480a/spring-data-jpa-2.1.4.RELEASE.jar, file:/home/icy/.gradle/caches/modules-2/files-2.1/org.springframework/spring-test/5.1.4.RELEASE/3ab4d6d6087d2dd7f4a8b3e88b66b3381bd4247c/spring-test-5.1.4.RELEASE.jar, file:/home/icy/.gradle/caches/modules-2/files-2.1/org.springframework/spring-context/5.1.4.RELEASE/2be9e8da66d32fb4eaf29a46bdcdbfe155f1f87a/spring-context-5.1.4.RELEASE.jar, file:/home/icy/.gradle/caches/modules-2/files-2.1/org.springframework/spring-aop/5.1.4.RELEASE/57a8c4ab2ff3233095da24c58c30aa75a7a82069/spring-aop-5.1.4.RELEASE.jar, file:/home/icy/.gradle/caches/modules-2/files-2.1/org.springframework/spring-orm/5.1.4.RELEASE/4724d782a976fb7b0f69dd1e5d027a0d68622260/spring-orm-5.1.4.RELEASE.jar, file:/home/icy/.gradle/caches/modules-2/files-2.1/org.springframework/spring-jdbc/5.1.4.RELEASE/ec21d6c0956b523ed364fa1bb1165009ad426753/spring-jdbc-5.1.4.RELEASE.jar, file:/home/icy/.gradle/caches/modules-2/files-2.1/org.springframework.data/spring-data-commons/2.1.4.RELEASE/144d71cfb0cc330fead0a00969e2ba871a83904b/spring-data-commons-2.1.4.RELEASE.jar, file:/home/icy/.gradle/caches/modules-2/files-2.1/org.springframework/spring-tx/5.1.4.RELEASE/a671702999fd8b5f1798cd3a7dfbbbf5a4705494/spring-tx-5.1.4.RELEASE.jar, file:/home/icy/.gradle/caches/modules-2/files-2.1/org.springframework/spring-beans/5.1.4.RELEASE/507c9391e0b786704929453e7fd3a74cfba46534/spring-beans-5.1.4.RELEASE.jar, file:/home/icy/.gradle/caches/modules-2/files-2.1/org.springframework/spring-expression/5.1.4.RELEASE/1abbfd04a7d472811582bb3780ea4d871442d49c/spring-expression-5.1.4.RELEASE.jar, file:/home/icy/.gradle/caches/modules-2/files-2.1/org.springframework/spring-core/5.1.4.RELEASE/e7d2ad03a50ebff117a6efe2e0e3f15946d0768a/spring-core-5.1.4.RELEASE.jar, file:/home/icy/.gradle/caches/modules-2/files-2.1/org.yaml/snakeyaml/1.23/ec62d74fe50689c28c0ff5b35d3aebcaa8b5be68/snakeyaml-1.23.jar, file:/home/icy/.gradle/caches/modules-2/files-2.1/javax.transaction/javax.transaction-api/1.3/e006adf5cf3cca2181d16bd640ecb80148ec0fce/javax.transaction-api-1.3.jar, file:/home/icy/.gradle/caches/modules-2/files-2.1/javax.xml.bind/jaxb-api/2.3.1/8531ad5ac454cc2deb9d4d32c40c4d7451939b5d/jaxb-api-2.3.1.jar, file:/home/icy/.gradle/caches/modules-2/files-2.1/org.hibernate/hibernate-core/5.3.7.Final/f87c5c1bbfc638309824140e68dfaaeb1bb479f3/hibernate-core-5.3.7.Final.jar, file:/home/icy/.gradle/caches/modules-2/files-2.1/org.springframework/spring-aspects/5.1.4.RELEASE/8d9f441975c7b45f497706c068c022163591d116/spring-aspects-5.1.4.RELEASE.jar, file:/home/icy/.gradle/caches/modules-2/files-2.1/org.spockframework/spock-core/1.2-groovy-2.5/8a7cdbd646c4ac6be8d60c8c7a329bbe77441ea2/spock-core-1.2-groovy-2.5.jar, file:/home/icy/.gradle/caches/modules-2/files-2.1/org.codehaus.groovy/groovy-json/2.5.5/3274bb68861c1ba9cf027ef54a592497555f365/groovy-json-2.5.5.jar, file:/home/icy/.gradle/caches/modules-2/files-2.1/org.codehaus.groovy/groovy-nio/2.5.5/2c74e9fab2f4a1db93242a7357599f97fe0ea0e8/groovy-nio-2.5.5.jar, file:/home/icy/.gradle/caches/modules-2/files-2.1/org.codehaus.groovy/groovy-macro/2.5.5/ee1e459223b450d8f98b5b0efbe974d85a32e4a2/groovy-macro-2.5.5.jar, file:/home/icy/.gradle/caches/modules-2/files-2.1/org.codehaus.groovy/groovy-templates/2.5.5/5a2d80499d600b9cb71e69b520b6f9f2f4359779/groovy-templates-2.5.5.jar, file:/home/icy/.gradle/caches/modules-2/files-2.1/org.codehaus.groovy/groovy-test/2.5.5/f138c13df391c420df6bf8e52e5c8248c61e9cfa/groovy-test-2.5.5.jar, file:/home/icy/.gradle/caches/modules-2/files-2.1/org.codehaus.groovy/groovy-sql/2.5.5/dd869f6e3979d98efc0848df994c178d6645d3dc/groovy-sql-2.5.5.jar, file:/home/icy/.gradle/caches/modules-2/files-2.1/org.codehaus.groovy/groovy-xml/2.5.5/9de098bd721e65d54b11fbf44b28f47016a133fc/groovy-xml-2.5.5.jar, file:/home/icy/.gradle/caches/modules-2/files-2.1/org.codehaus.groovy/groovy/2.5.5/2388f952b369f6b11cde8e15ec872e9ca3e0ff3e/groovy-2.5.5.jar, file:/home/icy/.gradle/caches/modules-2/files-2.1/com.jayway.jsonpath/json-path/2.4.0/765a4401ceb2dc8d40553c2075eb80a8fa35c2ae/json-path-2.4.0.jar, file:/home/icy/.gradle/caches/modules-2/files-2.1/junit/junit/4.12/2973d150c0dc1fefe998f834810d68f278ea58ec/junit-4.12.jar, file:/home/icy/.gradle/caches/modules-2/files-2.1/org.assertj/assertj-core/3.11.1/fdac3217b804d6900fa3650f17b5cb48e620b140/assertj-core-3.11.1.jar, file:/home/icy/.gradle/caches/modules-2/files-2.1/org.mockito/mockito-core/2.23.4/a35b6f8ffcfa786771eac7d7d903429e790fdf3f/mockito-core-2.23.4.jar, file:/home/icy/.gradle/caches/modules-2/files-2.1/org.hamcrest/hamcrest-library/1.3/4785a3c21320980282f9f33d0d1264a69040538f/hamcrest-library-1.3.jar, file:/home/icy/.gradle/caches/modules-2/files-2.1/org.hamcrest/hamcrest-core/1.3/42a25dc3219429f0e5d060061f71acb49bf010a0/hamcrest-core-1.3.jar, file:/home/icy/.gradle/caches/modules-2/files-2.1/org.skyscreamer/jsonassert/1.5.0/6c9d5fe2f59da598d9aefc1cfc6528ff3cf32df3/jsonassert-1.5.0.jar, file:/home/icy/.gradle/caches/modules-2/files-2.1/org.xmlunit/xmlunit-core/2.6.2/b0461888cdd8d3975ea8a57df96520409cadcb6c/xmlunit-core-2.6.2.jar, file:/home/icy/.gradle/caches/modules-2/files-2.1/ch.qos.logback/logback-classic/1.2.3/7c4f3c474fb2c041d8028740440937705ebb473a/logback-classic-1.2.3.jar, file:/home/icy/.gradle/caches/modules-2/files-2.1/org.apache.logging.log4j/log4j-to-slf4j/2.11.1/1097acadf76aa4dd721ec5807566003ae9d975de/log4j-to-slf4j-2.11.1.jar, file:/home/icy/.gradle/caches/modules-2/files-2.1/org.slf4j/jul-to-slf4j/1.7.25/af5364cd6679bfffb114f0dec8a157aaa283b76/jul-to-slf4j-1.7.25.jar, file:/home/icy/.gradle/caches/modules-2/files-2.1/org.springframework/spring-jcl/5.1.4.RELEASE/f5a25caae583905203959abf35fdd1ab7a8f2c37/spring-jcl-5.1.4.RELEASE.jar, file:/home/icy/.gradle/caches/modules-2/files-2.1/org.aspectj/aspectjweaver/1.9.2/d2502817521477faf0712c49a6ee2a5388787fc7/aspectjweaver-1.9.2.jar, file:/home/icy/.gradle/caches/modules-2/files-2.1/com.zaxxer/HikariCP/3.2.0/6c66db1c636ee90beb4c65fe34abd8ba9396bca6/HikariCP-3.2.0.jar, file:/home/icy/.gradle/caches/modules-2/files-2.1/javax.activation/javax.activation-api/1.2.0/85262acf3ca9816f9537ca47d5adeabaead7cb16/javax.activation-api-1.2.0.jar, file:/home/icy/.gradle/caches/modules-2/files-2.1/org.hibernate.common/hibernate-commons-annotations/5.0.4.Final/965a18fdf939ee75e41f7918532d37b3a8350535/hibernate-commons-annotations-5.0.4.Final.jar, file:/home/icy/.gradle/caches/modules-2/files-2.1/org.jboss.logging/jboss-logging/3.3.2.Final/3789d00e859632e6c6206adc0c71625559e6e3b0/jboss-logging-3.3.2.Final.jar, file:/home/icy/.gradle/caches/modules-2/files-2.1/javax.persistence/javax.persistence-api/2.2/25665ac8c0b62f50e6488173233239120fc52c96/javax.persistence-api-2.2.jar, file:/home/icy/.gradle/caches/modules-2/files-2.1/org.javassist/javassist/3.23.1-GA/c072c13dcb7f705471c40bafb1536171df850ab2/javassist-3.23.1-GA.jar, file:/home/icy/.gradle/caches/modules-2/files-2.1/net.bytebuddy/byte-buddy/1.9.7/8fea78fea6449e1738b675cb155ce8422661e237/byte-buddy-1.9.7.jar, file:/home/icy/.gradle/caches/modules-2/files-2.1/antlr/antlr/2.7.7/83cd2cd674a217ade95a4bb83a8a14f351f48bd0/antlr-2.7.7.jar, file:/home/icy/.gradle/caches/modules-2/files-2.1/org.jboss/jandex/2.0.5.Final/7060f67764565b9ee9d467e3ed0cb8a9c601b23a/jandex-2.0.5.Final.jar, file:/home/icy/.gradle/caches/modules-2/files-2.1/com.fasterxml/classmate/1.4.0/291658ac2ce2476256c7115943652c0accb5c857/classmate-1.4.0.jar, file:/home/icy/.gradle/caches/modules-2/files-2.1/org.dom4j/dom4j/2.1.1/3dce5dbb3571aa820c677fadd8349bfa8f00c199/dom4j-2.1.1.jar, file:/home/icy/.gradle/caches/modules-2/files-2.1/org.slf4j/slf4j-api/1.7.25/da76ca59f6a57ee3102f8f9bd9cee742973efa8a/slf4j-api-1.7.25.jar, file:/home/icy/.gradle/caches/modules-2/files-2.1/net.minidev/json-smart/2.3/7396407491352ce4fa30de92efb158adb76b5b/json-smart-2.3.jar, file:/home/icy/.gradle/caches/modules-2/files-2.1/net.bytebuddy/byte-buddy-agent/1.9.7/8e7d1b599f4943851ffea125fd9780e572727fc0/byte-buddy-agent-1.9.7.jar, file:/home/icy/.gradle/caches/modules-2/files-2.1/org.objenesis/objenesis/2.6/639033469776fd37c08358c6b92a4761feb2af4b/objenesis-2.6.jar, file:/home/icy/.gradle/caches/modules-2/files-2.1/com.vaadin.external.google/android-json/0.0.20131108.vaadin1/fa26d351fe62a6a17f5cda1287c1c6110dec413f/android-json-0.0.20131108.vaadin1.jar, file:/home/icy/.gradle/caches/modules-2/files-2.1/ch.qos.logback/logback-core/1.2.3/864344400c3d4d92dfeb0a305dc87d953677c03c/logback-core-1.2.3.jar, file:/home/icy/.gradle/caches/modules-2/files-2.1/org.apache.logging.log4j/log4j-api/2.11.1/268f0fe4df3eefe052b57c87ec48517d64fb2a10/log4j-api-2.11.1.jar, file:/home/icy/.gradle/caches/modules-2/files-2.1/net.minidev/accessors-smart/1.2/c592b500269bfde36096641b01238a8350f8aa31/accessors-smart-1.2.jar, file:/home/icy/.gradle/caches/modules-2/files-2.1/org.ow2.asm/asm/5.0.4/da08b8cce7bbf903602a25a3a163ae252435795/asm-5.0.4.jar]

  .   ____          _            __ _ _
 /\\ / ___'_ __ _ _(_)_ __  __ _ \ \ \ \
( ( )\___ | '_ | '_| | '_ \/ _` | \ \ \ \
 \\/  ___)| |_)| | | | | || (_| |  ) ) ) )
  '  |____| .__|_| |_|_| |_\__, | / / / /
 =========|_|==============|___/=/_/_/_/
?[32m :: Spring Boot :: ?[39m      ?[2m (v2.1.2.RELEASE)?[0;39m

?[2m2019-02-24 20:13:27.704?[0;39m ?[32m INFO?[0;39m ?[35m30201?[0;39m ?[2m---?[0;39m ?[2m[    Test worker]?[0;39m ?[36mcom.tool.reporting.ProjectServiceTest   ?[0;39m ?[2m:?[0;39m Starting ProjectServiceTest on ascension with PID 30201 (started by icy in /home/icy/source/java/spring-projectclass/Status_Reporting_Tool_G1/core)
?[2m2019-02-24 20:13:27.705?[0;39m ?[32m INFO?[0;39m ?[35m30201?[0;39m ?[2m---?[0;39m ?[2m[    Test worker]?[0;39m ?[36mcom.tool.reporting.ProjectServiceTest   ?[0;39m ?[2m:?[0;39m No active profile set, falling back to default profiles: default
?[2m2019-02-24 20:13:27.706?[0;39m ?[32mDEBUG?[0;39m ?[35m30201?[0;39m ?[2m---?[0;39m ?[2m[    Test worker]?[0;39m ?[36mo.s.boot.SpringApplication              ?[0;39m ?[2m:?[0;39m Loading source class com.tool.reporting.SpringCoreApplication
?[2m2019-02-24 20:13:28.769?[0;39m ?[32mDEBUG?[0;39m ?[35m30201?[0;39m ?[2m---?[0;39m ?[2m[    Test worker]?[0;39m ?[36mo.s.b.c.c.ConfigFileApplicationListener ?[0;39m ?[2m:?[0;39m Loaded config file 'file:/home/icy/source/java/spring-projectclass/Status_Reporting_Tool_G1/core/build/resources/main/application.properties' (classpath:/application.properties)
?[2m2019-02-24 20:13:28.770?[0;39m ?[32mDEBUG?[0;39m ?[35m30201?[0;39m ?[2m---?[0;39m ?[2m[    Test worker]?[0;39m ?[36ms.c.a.AnnotationConfigApplicationContext?[0;39m ?[2m:?[0;39m Refreshing org.springframework.context.annotation.AnnotationConfigApplicationContext@3fde5f22
?[2m2019-02-24 20:13:28.788?[0;39m ?[32mDEBUG?[0;39m ?[35m30201?[0;39m ?[2m---?[0;39m ?[2m[    Test worker]?[0;39m ?[36mo.s.b.f.s.DefaultListableBeanFactory    ?[0;39m ?[2m:?[0;39m Creating shared instance of singleton bean 'org.springframework.context.annotation.internalConfigurationAnnotationProcessor'
?[2m2019-02-24 20:13:28.807?[0;39m ?[32mDEBUG?[0;39m ?[35m30201?[0;39m ?[2m---?[0;39m ?[2m[    Test worker]?[0;39m ?[36mo.s.b.f.s.DefaultListableBeanFactory    ?[0;39m ?[2m:?[0;39m Creating shared instance of singleton bean 'org.springframework.boot.autoconfigure.internalCachingMetadataReaderFactory'
?[2m2019-02-24 20:13:28.977?[0;39m ?[32mDEBUG?[0;39m ?[35m30201?[0;39m ?[2m---?[0;39m ?[2m[    Test worker]?[0;39m ?[36mo.s.c.a.ClassPathBeanDefinitionScanner  ?[0;39m ?[2m:?[0;39m Identified candidate component class: file [/home/icy/source/java/spring-projectclass/Status_Reporting_Tool_G1/core/build/classes/java/main/com/tool/reporting/service/ProjectService.class]
?[2m2019-02-24 20:13:29.095?[0;39m ?[32mDEBUG?[0;39m ?[35m30201?[0;39m ?[2m---?[0;39m ?[2m[    Test worker]?[0;39m ?[36mo.s.c.e.PropertySourcesPropertyResolver ?[0;39m ?[2m:?[0;39m Found key 'spring.jmx.enabled' in PropertySource 'configurationProperties' with value of type String
?[2m2019-02-24 20:13:29.169?[0;39m ?[32mDEBUG?[0;39m ?[35m30201?[0;39m ?[2m---?[0;39m ?[2m[    Test worker]?[0;39m ?[36mo.s.c.e.PropertySourcesPropertyResolver ?[0;39m ?[2m:?[0;39m Found key 'spring.jmx.enabled' in PropertySource 'configurationProperties' with value of type String
?[2m2019-02-24 20:13:29.294?[0;39m ?[32mDEBUG?[0;39m ?[35m30201?[0;39m ?[2m---?[0;39m ?[2m[    Test worker]?[0;39m ?[36mo.s.b.f.s.DefaultListableBeanFactory    ?[0;39m ?[2m:?[0;39m Creating shared instance of singleton bean 'org.springframework.boot.autoconfigure.condition.BeanTypeRegistry'
?[2m2019-02-24 20:13:29.403?[0;39m ?[32m INFO?[0;39m ?[35m30201?[0;39m ?[2m---?[0;39m ?[2m[    Test worker]?[0;39m ?[36m.s.d.r.c.RepositoryConfigurationDelegate?[0;39m ?[2m:?[0;39m Bootstrapping Spring Data repositories in DEFAULT mode.
?[2m2019-02-24 20:13:29.417?[0;39m ?[32mDEBUG?[0;39m ?[35m30201?[0;39m ?[2m---?[0;39m ?[2m[    Test worker]?[0;39m ?[36mo.s.b.f.s.DefaultListableBeanFactory    ?[0;39m ?[2m:?[0;39m Creating shared instance of singleton bean 'org.springframework.boot.autoconfigure.AutoConfigurationPackages'
?[2m2019-02-24 20:13:29.432?[0;39m ?[32mDEBUG?[0;39m ?[35m30201?[0;39m ?[2m---?[0;39m ?[2m[    Test worker]?[0;39m ?[36mo.s.b.a.AutoConfigurationPackages       ?[0;39m ?[2m:?[0;39m @EnableAutoConfiguration was declared on a class in the package 'com.tool.reporting'. Automatic @Repository and @Entity scanning is enabled.
?[2m2019-02-24 20:13:29.438?[0;39m ?[32mDEBUG?[0;39m ?[35m30201?[0;39m ?[2m---?[0;39m ?[2m[    Test worker]?[0;39m ?[36m.s.d.r.c.RepositoryConfigurationDelegate?[0;39m ?[2m:?[0;39m Scanning for repositories in packages com.tool.reporting.
?[2m2019-02-24 20:13:29.455?[0;39m ?[32mDEBUG?[0;39m ?[35m30201?[0;39m ?[2m---?[0;39m ?[2m[    Test worker]?[0;39m ?[36mo.s.d.r.c.RepositoryComponentProvider   ?[0;39m ?[2m:?[0;39m Identified candidate component class: file [/home/icy/source/java/spring-projectclass/Status_Reporting_Tool_G1/core/build/classes/java/main/com/tool/reporting/repository/ProjectRepository.class]
?[2m2019-02-24 20:13:29.544?[0;39m ?[32m INFO?[0;39m ?[35m30201?[0;39m ?[2m---?[0;39m ?[2m[    Test worker]?[0;39m ?[36m.s.d.r.c.RepositoryConfigurationDelegate?[0;39m ?[2m:?[0;39m Finished Spring Data repository scanning in 105ms. Found 1 repository interfaces.
?[2m2019-02-24 20:13:29.854?[0;39m ?[32mDEBUG?[0;39m ?[35m30201?[0;39m ?[2m---?[0;39m ?[2m[    Test worker]?[0;39m ?[36mo.s.b.f.s.DefaultListableBeanFactory    ?[0;39m ?[2m:?[0;39m Creating shared instance of singleton bean 'propertySourcesPlaceholderConfigurer'
?[2m2019-02-24 20:13:29.863?[0;39m ?[32mDEBUG?[0;39m ?[35m30201?[0;39m ?[2m---?[0;39m ?[2m[    Test worker]?[0;39m ?[36mo.s.b.f.s.DefaultListableBeanFactory    ?[0;39m ?[2m:?[0;39m Creating shared instance of singleton bean 'org.spockframework.spring.mock.SpockMockPostprocessor'
?[2m2019-02-24 20:13:29.871?[0;39m ?[32mDEBUG?[0;39m ?[35m30201?[0;39m ?[2m---?[0;39m ?[2m[    Test worker]?[0;39m ?[36mo.s.b.f.s.DefaultListableBeanFactory    ?[0;39m ?[2m:?[0;39m Creating shared instance of singleton bean 'org.springframework.boot.test.mock.mockito.MockitoPostProcessor'
?[2m2019-02-24 20:13:29.874?[0;39m ?[32mDEBUG?[0;39m ?[35m30201?[0;39m ?[2m---?[0;39m ?[2m[    Test worker]?[0;39m ?[36mo.s.b.f.s.DefaultListableBeanFactory    ?[0;39m ?[2m:?[0;39m Creating shared instance of singleton bean 'emBeanDefinitionRegistrarPostProcessor'
?[2m2019-02-24 20:13:29.916?[0;39m ?[32mDEBUG?[0;39m ?[35m30201?[0;39m ?[2m---?[0;39m ?[2m[    Test worker]?[0;39m ?[36mo.s.b.f.s.DefaultListableBeanFactory    ?[0;39m ?[2m:?[0;39m Creating shared instance of singleton bean 'org.springframework.context.event.internalEventListenerProcessor'
?[2m2019-02-24 20:13:29.919?[0;39m ?[32mDEBUG?[0;39m ?[35m30201?[0;39m ?[2m---?[0;39m ?[2m[    Test worker]?[0;39m ?[36mo.s.b.f.s.DefaultListableBeanFactory    ?[0;39m ?[2m:?[0;39m Creating shared instance of singleton bean 'org.springframework.boot.context.properties.ConfigurationBeanFactoryMetadata'
?[2m2019-02-24 20:13:29.923?[0;39m ?[32mDEBUG?[0;39m ?[35m30201?[0;39m ?[2m---?[0;39m ?[2m[    Test worker]?[0;39m ?[36mo.s.b.f.s.DefaultListableBeanFactory    ?[0;39m ?[2m:?[0;39m Creating shared instance of singleton bean 'org.springframework.context.event.internalEventListenerFactory'
?[2m2019-02-24 20:13:29.924?[0;39m ?[32mDEBUG?[0;39m ?[35m30201?[0;39m ?[2m---?[0;39m ?[2m[    Test worker]?[0;39m ?[36mo.s.b.f.s.DefaultListableBeanFactory    ?[0;39m ?[2m:?[0;39m Creating shared instance of singleton bean 'org.springframework.transaction.config.internalTransactionalEventListenerFactory'
?[2m2019-02-24 20:13:29.932?[0;39m ?[32mDEBUG?[0;39m ?[35m30201?[0;39m ?[2m---?[0;39m ?[2m[    Test worker]?[0;39m ?[36mo.s.b.f.s.DefaultListableBeanFactory    ?[0;39m ?[2m:?[0;39m Creating shared instance of singleton bean 'org.springframework.context.annotation.internalAutowiredAnnotationProcessor'
?[2m2019-02-24 20:13:29.934?[0;39m ?[32mDEBUG?[0;39m ?[35m30201?[0;39m ?[2m---?[0;39m ?[2m[    Test worker]?[0;39m ?[36mo.s.b.f.s.DefaultListableBeanFactory    ?[0;39m ?[2m:?[0;39m Creating shared instance of singleton bean 'org.springframework.context.annotation.internalCommonAnnotationProcessor'
?[2m2019-02-24 20:13:29.939?[0;39m ?[32mDEBUG?[0;39m ?[35m30201?[0;39m ?[2m---?[0;39m ?[2m[    Test worker]?[0;39m ?[36mo.s.b.f.s.DefaultListableBeanFactory    ?[0;39m ?[2m:?[0;39m Creating shared instance of singleton bean 'org.springframework.context.annotation.internalPersistenceAnnotationProcessor'
?[2m2019-02-24 20:13:29.940?[0;39m ?[32mDEBUG?[0;39m ?[35m30201?[0;39m ?[2m---?[0;39m ?[2m[    Test worker]?[0;39m ?[36mo.s.b.f.s.DefaultListableBeanFactory    ?[0;39m ?[2m:?[0;39m Creating shared instance of singleton bean 'org.spockframework.spring.mock.SpockMockPostprocessor$SpyPostProcessor'
?[2m2019-02-24 20:13:29.942?[0;39m ?[32mDEBUG?[0;39m ?[35m30201?[0;39m ?[2m---?[0;39m ?[2m[    Test worker]?[0;39m ?[36mo.s.b.f.s.DefaultListableBeanFactory    ?[0;39m ?[2m:?[0;39m Creating shared instance of singleton bean 'org.springframework.boot.test.mock.mockito.MockitoPostProcessor$SpyPostProcessor'
?[2m2019-02-24 20:13:29.944?[0;39m ?[32mDEBUG?[0;39m ?[35m30201?[0;39m ?[2m---?[0;39m ?[2m[    Test worker]?[0;39m ?[36mo.s.b.f.s.DefaultListableBeanFactory    ?[0;39m ?[2m:?[0;39m Creating shared instance of singleton bean 'org.springframework.boot.context.properties.ConfigurationPropertiesBindingPostProcessor'
?[2m2019-02-24 20:13:29.949?[0;39m ?[32mDEBUG?[0;39m ?[35m30201?[0;39m ?[2m---?[0;39m ?[2m[    Test worker]?[0;39m ?[36mo.s.b.f.s.DefaultListableBeanFactory    ?[0;39m ?[2m:?[0;39m Creating shared instance of singleton bean 'org.springframework.aop.config.internalAutoProxyCreator'
?[2m2019-02-24 20:13:30.013?[0;39m ?[32mDEBUG?[0;39m ?[35m30201?[0;39m ?[2m---?[0;39m ?[2m[    Test worker]?[0;39m ?[36mo.s.b.f.s.DefaultListableBeanFactory    ?[0;39m ?[2m:?[0;39m Creating shared instance of singleton bean 'dataSourceInitializerPostProcessor'
?[2m2019-02-24 20:13:30.037?[0;39m ?[32mDEBUG?[0;39m ?[35m30201?[0;39m ?[2m---?[0;39m ?[2m[    Test worker]?[0;39m ?[36mo.s.b.f.s.DefaultListableBeanFactory    ?[0;39m ?[2m:?[0;39m Creating shared instance of singleton bean 'persistenceExceptionTranslationPostProcessor'
?[2m2019-02-24 20:13:30.041?[0;39m ?[32mDEBUG?[0;39m ?[35m30201?[0;39m ?[2m---?[0;39m ?[2m[    Test worker]?[0;39m ?[36mo.s.b.f.s.DefaultListableBeanFactory    ?[0;39m ?[2m:?[0;39m Autowiring by type from bean name 'persistenceExceptionTranslationPostProcessor' via factory method to bean named 'environment'
?[2m2019-02-24 20:13:30.062?[0;39m ?[32mDEBUG?[0;39m ?[35m30201?[0;39m ?[2m---?[0;39m ?[2m[    Test worker]?[0;39m ?[36mo.s.b.f.s.DefaultListableBeanFactory    ?[0;39m ?[2m:?[0;39m Creating shared instance of singleton bean 'dataSourceInitializedPublisher'
?[2m2019-02-24 20:13:30.075?[0;39m ?[32mDEBUG?[0;39m ?[35m30201?[0;39m ?[2m---?[0;39m ?[2m[    Test worker]?[0;39m ?[36mo.s.b.f.s.DefaultListableBeanFactory    ?[0;39m ?[2m:?[0;39m Creating shared instance of singleton bean 'entityManagerFactory'
?[2m2019-02-24 20:13:30.078?[0;39m ?[32mDEBUG?[0;39m ?[35m30201?[0;39m ?[2m---?[0;39m ?[2m[    Test worker]?[0;39m ?[36mo.s.b.f.s.DefaultListableBeanFactory    ?[0;39m ?[2m:?[0;39m Creating shared instance of singleton bean 'org.springframework.transaction.config.internalTransactionAdvisor'
?[2m2019-02-24 20:13:30.079?[0;39m ?[32mDEBUG?[0;39m ?[35m30201?[0;39m ?[2m---?[0;39m ?[2m[    Test worker]?[0;39m ?[36mo.s.b.f.s.DefaultListableBeanFactory    ?[0;39m ?[2m:?[0;39m Creating shared instance of singleton bean 'org.springframework.transaction.annotation.ProxyTransactionManagementConfiguration'
?[2m2019-02-24 20:13:30.129?[0;39m ?[32mDEBUG?[0;39m ?[35m30201?[0;39m ?[2m---?[0;39m ?[2m[    Test worker]?[0;39m ?[36mo.s.b.f.s.DefaultListableBeanFactory    ?[0;39m ?[2m:?[0;39m Creating shared instance of singleton bean 'transactionAttributeSource'
?[2m2019-02-24 20:13:30.137?[0;39m ?[32mDEBUG?[0;39m ?[35m30201?[0;39m ?[2m---?[0;39m ?[2m[    Test worker]?[0;39m ?[36mo.s.b.f.s.DefaultListableBeanFactory    ?[0;39m ?[2m:?[0;39m Creating shared instance of singleton bean 'transactionInterceptor'
?[2m2019-02-24 20:13:30.164?[0;39m ?[32mDEBUG?[0;39m ?[35m30201?[0;39m ?[2m---?[0;39m ?[2m[    Test worker]?[0;39m ?[36mo.s.b.f.s.DefaultListableBeanFactory    ?[0;39m ?[2m:?[0;39m Creating shared instance of singleton bean 'org.springframework.boot.autoconfigure.orm.jpa.HibernateJpaConfiguration'
?[2m2019-02-24 20:13:30.166?[0;39m ?[32mDEBUG?[0;39m ?[35m30201?[0;39m ?[2m---?[0;39m ?[2m[    Test worker]?[0;39m ?[36mocalVariableTableParameterNameDiscoverer?[0;39m ?[2m:?[0;39m Cannot find '.class' file for class [class org.springframework.boot.autoconfigure.orm.jpa.HibernateJpaConfiguration$$EnhancerBySpringCGLIB$$14bef337] - unable to determine constructor/method parameter names
?[2m2019-02-24 20:13:30.168?[0;39m ?[32mDEBUG?[0;39m ?[35m30201?[0;39m ?[2m---?[0;39m ?[2m[    Test worker]?[0;39m ?[36mo.s.b.f.s.DefaultListableBeanFactory    ?[0;39m ?[2m:?[0;39m Creating shared instance of singleton bean 'dataSource'
?[2m2019-02-24 20:13:30.169?[0;39m ?[32mDEBUG?[0;39m ?[35m30201?[0;39m ?[2m---?[0;39m ?[2m[    Test worker]?[0;39m ?[36mo.s.b.f.s.DefaultListableBeanFactory    ?[0;39m ?[2m:?[0;39m Creating shared instance of singleton bean 'org.springframework.boot.autoconfigure.jdbc.DataSourceConfiguration$Hikari'
?[2m2019-02-24 20:13:30.177?[0;39m ?[32mDEBUG?[0;39m ?[35m30201?[0;39m ?[2m---?[0;39m ?[2m[    Test worker]?[0;39m ?[36mo.s.b.f.s.DefaultListableBeanFactory    ?[0;39m ?[2m:?[0;39m Creating shared instance of singleton bean 'spring.datasource-org.springframework.boot.autoconfigure.jdbc.DataSourceProperties'
?[2m2019-02-24 20:13:30.218?[0;39m ?[32mDEBUG?[0;39m ?[35m30201?[0;39m ?[2m---?[0;39m ?[2m[    Test worker]?[0;39m ?[36mo.s.b.f.s.DefaultListableBeanFactory    ?[0;39m ?[2m:?[0;39m Autowiring by type from bean name 'dataSource' via factory method to bean named 'spring.datasource-org.springframework.boot.autoconfigure.jdbc.DataSourceProperties'
?[2m2019-02-24 20:13:30.291?[0;39m ?[32mDEBUG?[0;39m ?[35m30201?[0;39m ?[2m---?[0;39m ?[2m[    Test worker]?[0;39m ?[36mo.s.b.f.s.DefaultListableBeanFactory    ?[0;39m ?[2m:?[0;39m Creating shared instance of singleton bean 'org.springframework.boot.autoconfigure.jdbc.DataSourceInitializerInvoker'
?[2m2019-02-24 20:13:30.298?[0;39m ?[32mDEBUG?[0;39m ?[35m30201?[0;39m ?[2m---?[0;39m ?[2m[    Test worker]?[0;39m ?[36mo.s.b.f.s.DefaultListableBeanFactory    ?[0;39m ?[2m:?[0;39m Autowiring by type from bean name 'org.springframework.boot.autoconfigure.jdbc.DataSourceInitializerInvoker' via constructor to bean named 'spring.datasource-org.springframework.boot.autoconfigure.jdbc.DataSourceProperties'
?[2m2019-02-24 20:13:30.299?[0;39m ?[32mDEBUG?[0;39m ?[35m30201?[0;39m ?[2m---?[0;39m ?[2m[    Test worker]?[0;39m ?[36mo.s.b.f.s.DefaultListableBeanFactory    ?[0;39m ?[2m:?[0;39m Autowiring by type from bean name 'org.springframework.boot.autoconfigure.jdbc.DataSourceInitializerInvoker' via constructor to bean named 'org.springframework.context.annotation.AnnotationConfigApplicationContext@3fde5f22'
?[2m2019-02-24 20:13:30.315?[0;39m ?[32mDEBUG?[0;39m ?[35m30201?[0;39m ?[2m---?[0;39m ?[2m[    Test worker]?[0;39m ?[36mo.s.b.f.s.DefaultListableBeanFactory    ?[0;39m ?[2m:?[0;39m Creating shared instance of singleton bean 'spring.jpa-org.springframework.boot.autoconfigure.orm.jpa.JpaProperties'
?[2m2019-02-24 20:13:30.337?[0;39m ?[32mDEBUG?[0;39m ?[35m30201?[0;39m ?[2m---?[0;39m ?[2m[    Test worker]?[0;39m ?[36mo.s.b.f.s.DefaultListableBeanFactory    ?[0;39m ?[2m:?[0;39m Creating shared instance of singleton bean 'spring.jpa.hibernate-org.springframework.boot.autoconfigure.orm.jpa.HibernateProperties'
?[2m2019-02-24 20:13:30.346?[0;39m ?[32mDEBUG?[0;39m ?[35m30201?[0;39m ?[2m---?[0;39m ?[2m[    Test worker]?[0;39m ?[36mo.s.b.f.s.DefaultListableBeanFactory    ?[0;39m ?[2m:?[0;39m Autowiring by type from bean name 'org.springframework.boot.autoconfigure.orm.jpa.HibernateJpaConfiguration' via constructor to bean named 'dataSource'
?[2m2019-02-24 20:13:30.347?[0;39m ?[32mDEBUG?[0;39m ?[35m30201?[0;39m ?[2m---?[0;39m ?[2m[    Test worker]?[0;39m ?[36mo.s.b.f.s.DefaultListableBeanFactory    ?[0;39m ?[2m:?[0;39m Autowiring by type from bean name 'org.springframework.boot.autoconfigure.orm.jpa.HibernateJpaConfiguration' via constructor to bean named 'spring.jpa-org.springframework.boot.autoconfigure.orm.jpa.JpaProperties'
?[2m2019-02-24 20:13:30.347?[0;39m ?[32mDEBUG?[0;39m ?[35m30201?[0;39m ?[2m---?[0;39m ?[2m[    Test worker]?[0;39m ?[36mo.s.b.f.s.DefaultListableBeanFactory    ?[0;39m ?[2m:?[0;39m Autowiring by type from bean name 'org.springframework.boot.autoconfigure.orm.jpa.HibernateJpaConfiguration' via constructor to bean named 'org.springframework.beans.factory.support.DefaultListableBeanFactory@1984099c'
?[2m2019-02-24 20:13:30.347?[0;39m ?[32mDEBUG?[0;39m ?[35m30201?[0;39m ?[2m---?[0;39m ?[2m[    Test worker]?[0;39m ?[36mo.s.b.f.s.DefaultListableBeanFactory    ?[0;39m ?[2m:?[0;39m Autowiring by type from bean name 'org.springframework.boot.autoconfigure.orm.jpa.HibernateJpaConfiguration' via constructor to bean named 'spring.jpa.hibernate-org.springframework.boot.autoconfigure.orm.jpa.HibernateProperties'
?[2m2019-02-24 20:13:30.350?[0;39m ?[32mDEBUG?[0;39m ?[35m30201?[0;39m ?[2m---?[0;39m ?[2m[    Test worker]?[0;39m ?[36mo.s.b.f.s.DefaultListableBeanFactory    ?[0;39m ?[2m:?[0;39m Creating shared instance of singleton bean 'platformTransactionManagerCustomizers'
?[2m2019-02-24 20:13:30.351?[0;39m ?[32mDEBUG?[0;39m ?[35m30201?[0;39m ?[2m---?[0;39m ?[2m[    Test worker]?[0;39m ?[36mo.s.b.f.s.DefaultListableBeanFactory    ?[0;39m ?[2m:?[0;39m Creating shared instance of singleton bean 'org.springframework.boot.autoconfigure.transaction.TransactionAutoConfiguration'
?[2m2019-02-24 20:13:30.372?[0;39m ?[32mDEBUG?[0;39m ?[35m30201?[0;39m ?[2m---?[0;39m ?[2m[    Test worker]?[0;39m ?[36mo.s.b.f.s.DefaultListableBeanFactory    ?[0;39m ?[2m:?[0;39m Creating shared instance of singleton bean 'spring.transaction-org.springframework.boot.autoconfigure.transaction.TransactionProperties'
?[2m2019-02-24 20:13:30.397?[0;39m ?[32mDEBUG?[0;39m ?[35m30201?[0;39m ?[2m---?[0;39m ?[2m[    Test worker]?[0;39m ?[36mo.s.b.f.s.DefaultListableBeanFactory    ?[0;39m ?[2m:?[0;39m Creating shared instance of singleton bean 'hikariPoolDataSourceMetadataProvider'
?[2m2019-02-24 20:13:30.398?[0;39m ?[32mDEBUG?[0;39m ?[35m30201?[0;39m ?[2m---?[0;39m ?[2m[    Test worker]?[0;39m ?[36mo.s.b.f.s.DefaultListableBeanFactory    ?[0;39m ?[2m:?[0;39m Creating shared instance of singleton bean 'org.springframework.boot.autoconfigure.jdbc.metadata.DataSourcePoolMetadataProvidersConfiguration$HikariPoolDataSourceMetadataProviderConfiguration'
?[2m2019-02-24 20:13:30.448?[0;39m ?[32mDEBUG?[0;39m ?[35m30201?[0;39m ?[2m---?[0;39m ?[2m[    Test worker]?[0;39m ?[36mo.s.b.f.s.DefaultListableBeanFactory    ?[0;39m ?[2m:?[0;39m Creating shared instance of singleton bean 'entityManagerFactoryBuilder'
?[2m2019-02-24 20:13:30.450?[0;39m ?[32mDEBUG?[0;39m ?[35m30201?[0;39m ?[2m---?[0;39m ?[2m[    Test worker]?[0;39m ?[36mo.s.b.f.s.DefaultListableBeanFactory    ?[0;39m ?[2m:?[0;39m Creating shared instance of singleton bean 'jpaVendorAdapter'
?[2m2019-02-24 20:13:30.561?[0;39m ?[32mDEBUG?[0;39m ?[35m30201?[0;39m ?[2m---?[0;39m ?[2m[    Test worker]?[0;39m ?[36mo.s.jdbc.datasource.DataSourceUtils     ?[0;39m ?[2m:?[0;39m Fetching JDBC Connection from DataSource
?[2m2019-02-24 20:13:30.562?[0;39m ?[32m INFO?[0;39m ?[35m30201?[0;39m ?[2m---?[0;39m ?[2m[    Test worker]?[0;39m ?[36mcom.zaxxer.hikari.HikariDataSource      ?[0;39m ?[2m:?[0;39m HikariPool-1 - Starting...
?[2m2019-02-24 20:13:30.764?[0;39m ?[32m INFO?[0;39m ?[35m30201?[0;39m ?[2m---?[0;39m ?[2m[    Test worker]?[0;39m ?[36mcom.zaxxer.hikari.HikariDataSource      ?[0;39m ?[2m:?[0;39m HikariPool-1 - Start completed.
?[2m2019-02-24 20:13:30.794?[0;39m ?[32mDEBUG?[0;39m ?[35m30201?[0;39m ?[2m---?[0;39m ?[2m[    Test worker]?[0;39m ?[36mo.s.b.f.s.DefaultListableBeanFactory    ?[0;39m ?[2m:?[0;39m Autowiring by type from bean name 'entityManagerFactoryBuilder' via factory method to bean named 'jpaVendorAdapter'
?[2m2019-02-24 20:13:30.803?[0;39m ?[32mDEBUG?[0;39m ?[35m30201?[0;39m ?[2m---?[0;39m ?[2m[    Test worker]?[0;39m ?[36mo.s.b.f.s.DefaultListableBeanFactory    ?[0;39m ?[2m:?[0;39m Autowiring by type from bean name 'entityManagerFactory' via factory method to bean named 'entityManagerFactoryBuilder'
?[2m2019-02-24 20:13:30.815?[0;39m ?[32mDEBUG?[0;39m ?[35m30201?[0;39m ?[2m---?[0;39m ?[2m[    Test worker]?[0;39m ?[36mo.s.jdbc.datasource.DataSourceUtils     ?[0;39m ?[2m:?[0;39m Fetching JDBC Connection from DataSource
?[2m2019-02-24 20:13:30.885?[0;39m ?[32mDEBUG?[0;39m ?[35m30201?[0;39m ?[2m---?[0;39m ?[2m[    Test worker]?[0;39m ?[36mj.LocalContainerEntityManagerFactoryBean?[0;39m ?[2m:?[0;39m Building JPA container EntityManagerFactory for persistence unit 'default'
?[2m2019-02-24 20:13:30.912?[0;39m ?[32m INFO?[0;39m ?[35m30201?[0;39m ?[2m---?[0;39m ?[2m[    Test worker]?[0;39m ?[36mo.hibernate.jpa.internal.util.LogHelper ?[0;39m ?[2m:?[0;39m HHH000204: Processing PersistenceUnitInfo [
	name: default
	...]
?[2m2019-02-24 20:13:30.995?[0;39m ?[32m INFO?[0;39m ?[35m30201?[0;39m ?[2m---?[0;39m ?[2m[    Test worker]?[0;39m ?[36morg.hibernate.Version                   ?[0;39m ?[2m:?[0;39m HHH000412: Hibernate Core {5.3.7.Final}
?[2m2019-02-24 20:13:30.997?[0;39m ?[32m INFO?[0;39m ?[35m30201?[0;39m ?[2m---?[0;39m ?[2m[    Test worker]?[0;39m ?[36morg.hibernate.cfg.Environment           ?[0;39m ?[2m:?[0;39m HHH000206: hibernate.properties not found
?[2m2019-02-24 20:13:31.204?[0;39m ?[32m INFO?[0;39m ?[35m30201?[0;39m ?[2m---?[0;39m ?[2m[    Test worker]?[0;39m ?[36mo.hibernate.annotations.common.Version  ?[0;39m ?[2m:?[0;39m HCANN000001: Hibernate Commons Annotations {5.0.4.Final}
?[2m2019-02-24 20:13:31.250?[0;39m ?[32mDEBUG?[0;39m ?[35m30201?[0;39m ?[2m---?[0;39m ?[2m[    Test worker]?[0;39m ?[36morg.hibernate.type.BasicTypeRegistry    ?[0;39m ?[2m:?[0;39m Adding type registration boolean -> org.hibernate.type.BooleanType@58e25f08
?[2m2019-02-24 20:13:31.251?[0;39m ?[32mDEBUG?[0;39m ?[35m30201?[0;39m ?[2m---?[0;39m ?[2m[    Test worker]?[0;39m ?[36morg.hibernate.type.BasicTypeRegistry    ?[0;39m ?[2m:?[0;39m Adding type registration boolean -> org.hibernate.type.BooleanType@58e25f08
?[2m2019-02-24 20:13:31.251?[0;39m ?[32mDEBUG?[0;39m ?[35m30201?[0;39m ?[2m---?[0;39m ?[2m[    Test worker]?[0;39m ?[36morg.hibernate.type.BasicTypeRegistry    ?[0;39m ?[2m:?[0;39m Adding type registration java.lang.Boolean -> org.hibernate.type.BooleanType@58e25f08
?[2m2019-02-24 20:13:31.252?[0;39m ?[32mDEBUG?[0;39m ?[35m30201?[0;39m ?[2m---?[0;39m ?[2m[    Test worker]?[0;39m ?[36morg.hibernate.type.BasicTypeRegistry    ?[0;39m ?[2m:?[0;39m Adding type registration numeric_boolean -> org.hibernate.type.NumericBooleanType@2ea815f
?[2m2019-02-24 20:13:31.254?[0;39m ?[32mDEBUG?[0;39m ?[35m30201?[0;39m ?[2m---?[0;39m ?[2m[    Test worker]?[0;39m ?[36morg.hibernate.type.BasicTypeRegistry    ?[0;39m ?[2m:?[0;39m Adding type registration true_false -> org.hibernate.type.TrueFalseType@182ba16d
?[2m2019-02-24 20:13:31.256?[0;39m ?[32mDEBUG?[0;39m ?[35m30201?[0;39m ?[2m---?[0;39m ?[2m[    Test worker]?[0;39m ?[36morg.hibernate.type.BasicTypeRegistry    ?[0;39m ?[2m:?[0;39m Adding type registration yes_no -> org.hibernate.type.YesNoType@4adb8fea
?[2m2019-02-24 20:13:31.258?[0;39m ?[32mDEBUG?[0;39m ?[35m30201?[0;39m ?[2m---?[0;39m ?[2m[    Test worker]?[0;39m ?[36morg.hibernate.type.BasicTypeRegistry    ?[0;39m ?[2m:?[0;39m Adding type registration byte -> org.hibernate.type.ByteType@4ce605dd
?[2m2019-02-24 20:13:31.259?[0;39m ?[32mDEBUG?[0;39m ?[35m30201?[0;39m ?[2m---?[0;39m ?[2m[    Test worker]?[0;39m ?[36morg.hibernate.type.BasicTypeRegistry    ?[0;39m ?[2m:?[0;39m Adding type registration byte -> org.hibernate.type.ByteType@4ce605dd
?[2m2019-02-24 20:13:31.259?[0;39m ?[32mDEBUG?[0;39m ?[35m30201?[0;39m ?[2m---?[0;39m ?[2m[    Test worker]?[0;39m ?[36morg.hibernate.type.BasicTypeRegistry    ?[0;39m ?[2m:?[0;39m Adding type registration java.lang.Byte -> org.hibernate.type.ByteType@4ce605dd
?[2m2019-02-24 20:13:31.262?[0;39m ?[32mDEBUG?[0;39m ?[35m30201?[0;39m ?[2m---?[0;39m ?[2m[    Test worker]?[0;39m ?[36morg.hibernate.type.BasicTypeRegistry    ?[0;39m ?[2m:?[0;39m Adding type registration character -> org.hibernate.type.CharacterType@799429b4
?[2m2019-02-24 20:13:31.262?[0;39m ?[32mDEBUG?[0;39m ?[35m30201?[0;39m ?[2m---?[0;39m ?[2m[    Test worker]?[0;39m ?[36morg.hibernate.type.BasicTypeRegistry    ?[0;39m ?[2m:?[0;39m Adding type registration char -> org.hibernate.type.CharacterType@799429b4
?[2m2019-02-24 20:13:31.262?[0;39m ?[32mDEBUG?[0;39m ?[35m30201?[0;39m ?[2m---?[0;39m ?[2m[    Test worker]?[0;39m ?[36morg.hibernate.type.BasicTypeRegistry    ?[0;39m ?[2m:?[0;39m Adding type registration java.lang.Character -> org.hibernate.type.CharacterType@799429b4
?[2m2019-02-24 20:13:31.265?[0;39m ?[32mDEBUG?[0;39m ?[35m30201?[0;39m ?[2m---?[0;39m ?[2m[    Test worker]?[0;39m ?[36morg.hibernate.type.BasicTypeRegistry    ?[0;39m ?[2m:?[0;39m Adding type registration short -> org.hibernate.type.ShortType@6983df1f
?[2m2019-02-24 20:13:31.265?[0;39m ?[32mDEBUG?[0;39m ?[35m30201?[0;39m ?[2m---?[0;39m ?[2m[    Test worker]?[0;39m ?[36morg.hibernate.type.BasicTypeRegistry    ?[0;39m ?[2m:?[0;39m Adding type registration short -> org.hibernate.type.ShortType@6983df1f
?[2m2019-02-24 20:13:31.266?[0;39m ?[32mDEBUG?[0;39m ?[35m30201?[0;39m ?[2m---?[0;39m ?[2m[    Test worker]?[0;39m ?[36morg.hibernate.type.BasicTypeRegistry    ?[0;39m ?[2m:?[0;39m Adding type registration java.lang.Short -> org.hibernate.type.ShortType@6983df1f
?[2m2019-02-24 20:13:31.268?[0;39m ?[32mDEBUG?[0;39m ?[35m30201?[0;39m ?[2m---?[0;39m ?[2m[    Test worker]?[0;39m ?[36morg.hibernate.type.BasicTypeRegistry    ?[0;39m ?[2m:?[0;39m Adding type registration integer -> org.hibernate.type.IntegerType@d9eb4d8
?[2m2019-02-24 20:13:31.269?[0;39m ?[32mDEBUG?[0;39m ?[35m30201?[0;39m ?[2m---?[0;39m ?[2m[    Test worker]?[0;39m ?[36morg.hibernate.type.BasicTypeRegistry    ?[0;39m ?[2m:?[0;39m Adding type registration int -> org.hibernate.type.IntegerType@d9eb4d8
?[2m2019-02-24 20:13:31.269?[0;39m ?[32mDEBUG?[0;39m ?[35m30201?[0;39m ?[2m---?[0;39m ?[2m[    Test worker]?[0;39m ?[36morg.hibernate.type.BasicTypeRegistry    ?[0;39m ?[2m:?[0;39m Adding type registration java.lang.Integer -> org.hibernate.type.IntegerType@d9eb4d8
?[2m2019-02-24 20:13:31.271?[0;39m ?[32mDEBUG?[0;39m ?[35m30201?[0;39m ?[2m---?[0;39m ?[2m[    Test worker]?[0;39m ?[36morg.hibernate.type.BasicTypeRegistry    ?[0;39m ?[2m:?[0;39m Adding type registration long -> org.hibernate.type.LongType@4abfc978
?[2m2019-02-24 20:13:31.272?[0;39m ?[32mDEBUG?[0;39m ?[35m30201?[0;39m ?[2m---?[0;39m ?[2m[    Test worker]?[0;39m ?[36morg.hibernate.type.BasicTypeRegistry    ?[0;39m ?[2m:?[0;39m Adding type registration long -> org.hibernate.type.LongType@4abfc978
?[2m2019-02-24 20:13:31.273?[0;39m ?[32mDEBUG?[0;39m ?[35m30201?[0;39m ?[2m---?[0;39m ?[2m[    Test worker]?[0;39m ?[36morg.hibernate.type.BasicTypeRegistry    ?[0;39m ?[2m:?[0;39m Adding type registration java.lang.Long -> org.hibernate.type.LongType@4abfc978
?[2m2019-02-24 20:13:31.275?[0;39m ?[32mDEBUG?[0;39m ?[35m30201?[0;39m ?[2m---?[0;39m ?[2m[    Test worker]?[0;39m ?[36morg.hibernate.type.BasicTypeRegistry    ?[0;39m ?[2m:?[0;39m Adding type registration float -> org.hibernate.type.FloatType@340a3cb6
?[2m2019-02-24 20:13:31.275?[0;39m ?[32mDEBUG?[0;39m ?[35m30201?[0;39m ?[2m---?[0;39m ?[2m[    Test worker]?[0;39m ?[36morg.hibernate.type.BasicTypeRegistry    ?[0;39m ?[2m:?[0;39m Adding type registration float -> org.hibernate.type.FloatType@340a3cb6
?[2m2019-02-24 20:13:31.275?[0;39m ?[32mDEBUG?[0;39m ?[35m30201?[0;39m ?[2m---?[0;39m ?[2m[    Test worker]?[0;39m ?[36morg.hibernate.type.BasicTypeRegistry    ?[0;39m ?[2m:?[0;39m Adding type registration java.lang.Float -> org.hibernate.type.FloatType@340a3cb6
?[2m2019-02-24 20:13:31.277?[0;39m ?[32mDEBUG?[0;39m ?[35m30201?[0;39m ?[2m---?[0;39m ?[2m[    Test worker]?[0;39m ?[36morg.hibernate.type.BasicTypeRegistry    ?[0;39m ?[2m:?[0;39m Adding type registration double -> org.hibernate.type.DoubleType@2c1ac506
?[2m2019-02-24 20:13:31.278?[0;39m ?[32mDEBUG?[0;39m ?[35m30201?[0;39m ?[2m---?[0;39m ?[2m[    Test worker]?[0;39m ?[36morg.hibernate.type.BasicTypeRegistry    ?[0;39m ?[2m:?[0;39m Adding type registration double -> org.hibernate.type.DoubleType@2c1ac506
?[2m2019-02-24 20:13:31.278?[0;39m ?[32mDEBUG?[0;39m ?[35m30201?[0;39m ?[2m---?[0;39m ?[2m[    Test worker]?[0;39m ?[36morg.hibernate.type.BasicTypeRegistry    ?[0;39m ?[2m:?[0;39m Adding type registration java.lang.Double -> org.hibernate.type.DoubleType@2c1ac506
?[2m2019-02-24 20:13:31.280?[0;39m ?[32mDEBUG?[0;39m ?[35m30201?[0;39m ?[2m---?[0;39m ?[2m[    Test worker]?[0;39m ?[36morg.hibernate.type.BasicTypeRegistry    ?[0;39m ?[2m:?[0;39m Adding type registration big_decimal -> org.hibernate.type.BigDecimalType@6c1a7f16
?[2m2019-02-24 20:13:31.281?[0;39m ?[32mDEBUG?[0;39m ?[35m30201?[0;39m ?[2m---?[0;39m ?[2m[    Test worker]?[0;39m ?[36morg.hibernate.type.BasicTypeRegistry    ?[0;39m ?[2m:?[0;39m Adding type registration java.math.BigDecimal -> org.hibernate.type.BigDecimalType@6c1a7f16
?[2m2019-02-24 20:13:31.283?[0;39m ?[32mDEBUG?[0;39m ?[35m30201?[0;39m ?[2m---?[0;39m ?[2m[    Test worker]?[0;39m ?[36morg.hibernate.type.BasicTypeRegistry    ?[0;39m ?[2m:?[0;39m Adding type registration big_integer -> org.hibernate.type.BigIntegerType@2c4bfc52
?[2m2019-02-24 20:13:31.284?[0;39m ?[32mDEBUG?[0;39m ?[35m30201?[0;39m ?[2m---?[0;39m ?[2m[    Test worker]?[0;39m ?[36morg.hibernate.type.BasicTypeRegistry    ?[0;39m ?[2m:?[0;39m Adding type registration java.math.BigInteger -> org.hibernate.type.BigIntegerType@2c4bfc52
?[2m2019-02-24 20:13:31.286?[0;39m ?[32mDEBUG?[0;39m ?[35m30201?[0;39m ?[2m---?[0;39m ?[2m[    Test worker]?[0;39m ?[36morg.hibernate.type.BasicTypeRegistry    ?[0;39m ?[2m:?[0;39m Adding type registration string -> org.hibernate.type.StringType@7d37877d
?[2m2019-02-24 20:13:31.287?[0;39m ?[32mDEBUG?[0;39m ?[35m30201?[0;39m ?[2m---?[0;39m ?[2m[    Test worker]?[0;39m ?[36morg.hibernate.type.BasicTypeRegistry    ?[0;39m ?[2m:?[0;39m Adding type registration java.lang.String -> org.hibernate.type.StringType@7d37877d
?[2m2019-02-24 20:13:31.288?[0;39m ?[32mDEBUG?[0;39m ?[35m30201?[0;39m ?[2m---?[0;39m ?[2m[    Test worker]?[0;39m ?[36morg.hibernate.type.BasicTypeRegistry    ?[0;39m ?[2m:?[0;39m Adding type registration nstring -> org.hibernate.type.StringNVarcharType@1220338c
?[2m2019-02-24 20:13:31.289?[0;39m ?[32mDEBUG?[0;39m ?[35m30201?[0;39m ?[2m---?[0;39m ?[2m[    Test worker]?[0;39m ?[36morg.hibernate.type.BasicTypeRegistry    ?[0;39m ?[2m:?[0;39m Adding type registration ncharacter -> org.hibernate.type.CharacterNCharType@5c5904d8
?[2m2019-02-24 20:13:31.291?[0;39m ?[32mDEBUG?[0;39m ?[35m30201?[0;39m ?[2m---?[0;39m ?[2m[    Test worker]?[0;39m ?[36morg.hibernate.type.BasicTypeRegistry    ?[0;39m ?[2m:?[0;39m Adding type registration url -> org.hibernate.type.UrlType@3ba61537
?[2m2019-02-24 20:13:31.292?[0;39m ?[32mDEBUG?[0;39m ?[35m30201?[0;39m ?[2m---?[0;39m ?[2m[    Test worker]?[0;39m ?[36morg.hibernate.type.BasicTypeRegistry    ?[0;39m ?[2m:?[0;39m Adding type registration java.net.URL -> org.hibernate.type.UrlType@3ba61537
?[2m2019-02-24 20:13:31.294?[0;39m ?[32mDEBUG?[0;39m ?[35m30201?[0;39m ?[2m---?[0;39m ?[2m[    Test worker]?[0;39m ?[36morg.hibernate.type.BasicTypeRegistry    ?[0;39m ?[2m:?[0;39m Adding type registration Duration -> org.hibernate.type.DurationType@69d66f9b
?[2m2019-02-24 20:13:31.294?[0;39m ?[32mDEBUG?[0;39m ?[35m30201?[0;39m ?[2m---?[0;39m ?[2m[    Test worker]?[0;39m ?[36morg.hibernate.type.BasicTypeRegistry    ?[0;39m ?[2m:?[0;39m Adding type registration java.time.Duration -> org.hibernate.type.DurationType@69d66f9b
?[2m2019-02-24 20:13:31.297?[0;39m ?[32mDEBUG?[0;39m ?[35m30201?[0;39m ?[2m---?[0;39m ?[2m[    Test worker]?[0;39m ?[36morg.hibernate.type.BasicTypeRegistry    ?[0;39m ?[2m:?[0;39m Adding type registration Instant -> org.hibernate.type.InstantType@9b7d016
?[2m2019-02-24 20:13:31.297?[0;39m ?[32mDEBUG?[0;39m ?[35m30201?[0;39m ?[2m---?[0;39m ?[2m[    Test worker]?[0;39m ?[36morg.hibernate.type.BasicTypeRegistry    ?[0;39m ?[2m:?[0;39m Adding type registration java.time.Instant -> org.hibernate.type.InstantType@9b7d016
?[2m2019-02-24 20:13:31.300?[0;39m ?[32mDEBUG?[0;39m ?[35m30201?[0;39m ?[2m---?[0;39m ?[2m[    Test worker]?[0;39m ?[36morg.hibernate.type.BasicTypeRegistry    ?[0;39m ?[2m:?[0;39m Adding type registration LocalDateTime -> org.hibernate.type.LocalDateTimeType@5a4be32c
?[2m2019-02-24 20:13:31.300?[0;39m ?[32mDEBUG?[0;39m ?[35m30201?[0;39m ?[2m---?[0;39m ?[2m[    Test worker]?[0;39m ?[36morg.hibernate.type.BasicTypeRegistry    ?[0;39m ?[2m:?[0;39m Adding type registration java.time.LocalDateTime -> org.hibernate.type.LocalDateTimeType@5a4be32c
?[2m2019-02-24 20:13:31.302?[0;39m ?[32mDEBUG?[0;39m ?[35m30201?[0;39m ?[2m---?[0;39m ?[2m[    Test worker]?[0;39m ?[36morg.hibernate.type.BasicTypeRegistry    ?[0;39m ?[2m:?[0;39m Adding type registration LocalDate -> org.hibernate.type.LocalDateType@6f99e0d6
?[2m2019-02-24 20:13:31.303?[0;39m ?[32mDEBUG?[0;39m ?[35m30201?[0;39m ?[2m---?[0;39m ?[2m[    Test worker]?[0;39m ?[36morg.hibernate.type.BasicTypeRegistry    ?[0;39m ?[2m:?[0;39m Adding type registration java.time.LocalDate -> org.hibernate.type.LocalDateType@6f99e0d6
?[2m2019-02-24 20:13:31.305?[0;39m ?[32mDEBUG?[0;39m ?[35m30201?[0;39m ?[2m---?[0;39m ?[2m[    Test worker]?[0;39m ?[36morg.hibernate.type.BasicTypeRegistry    ?[0;39m ?[2m:?[0;39m Adding type registration LocalTime -> org.hibernate.type.LocalTimeType@40efb0d9
?[2m2019-02-24 20:13:31.306?[0;39m ?[32mDEBUG?[0;39m ?[35m30201?[0;39m ?[2m---?[0;39m ?[2m[    Test worker]?[0;39m ?[36morg.hibernate.type.BasicTypeRegistry    ?[0;39m ?[2m:?[0;39m Adding type registration java.time.LocalTime -> org.hibernate.type.LocalTimeType@40efb0d9
?[2m2019-02-24 20:13:31.308?[0;39m ?[32mDEBUG?[0;39m ?[35m30201?[0;39m ?[2m---?[0;39m ?[2m[    Test worker]?[0;39m ?[36morg.hibernate.type.BasicTypeRegistry    ?[0;39m ?[2m:?[0;39m Adding type registration OffsetDateTime -> org.hibernate.type.OffsetDateTimeType@7ee5270e
?[2m2019-02-24 20:13:31.309?[0;39m ?[32mDEBUG?[0;39m ?[35m30201?[0;39m ?[2m---?[0;39m ?[2m[    Test worker]?[0;39m ?[36morg.hibernate.type.BasicTypeRegistry    ?[0;39m ?[2m:?[0;39m Adding type registration java.time.OffsetDateTime -> org.hibernate.type.OffsetDateTimeType@7ee5270e
?[2m2019-02-24 20:13:31.313?[0;39m ?[32mDEBUG?[0;39m ?[35m30201?[0;39m ?[2m---?[0;39m ?[2m[    Test worker]?[0;39m ?[36morg.hibernate.type.BasicTypeRegistry    ?[0;39m ?[2m:?[0;39m Adding type registration OffsetTime -> org.hibernate.type.OffsetTimeType@21e83755
?[2m2019-02-24 20:13:31.314?[0;39m ?[32mDEBUG?[0;39m ?[35m30201?[0;39m ?[2m---?[0;39m ?[2m[    Test worker]?[0;39m ?[36morg.hibernate.type.BasicTypeRegistry    ?[0;39m ?[2m:?[0;39m Adding type registration java.time.OffsetTime -> org.hibernate.type.OffsetTimeType@21e83755
?[2m2019-02-24 20:13:31.319?[0;39m ?[32mDEBUG?[0;39m ?[35m30201?[0;39m ?[2m---?[0;39m ?[2m[    Test worker]?[0;39m ?[36morg.hibernate.type.BasicTypeRegistry    ?[0;39m ?[2m:?[0;39m Adding type registration ZonedDateTime -> org.hibernate.type.ZonedDateTimeType@2ea941eb
?[2m2019-02-24 20:13:31.320?[0;39m ?[32mDEBUG?[0;39m ?[35m30201?[0;39m ?[2m---?[0;39m ?[2m[    Test worker]?[0;39m ?[36morg.hibernate.type.BasicTypeRegistry    ?[0;39m ?[2m:?[0;39m Adding type registration java.time.ZonedDateTime -> org.hibernate.type.ZonedDateTimeType@2ea941eb
?[2m2019-02-24 20:13:31.324?[0;39m ?[32mDEBUG?[0;39m ?[35m30201?[0;39m ?[2m---?[0;39m ?[2m[    Test worker]?[0;39m ?[36morg.hibernate.type.BasicTypeRegistry    ?[0;39m ?[2m:?[0;39m Adding type registration date -> org.hibernate.type.DateType@607ba6a9
?[2m2019-02-24 20:13:31.324?[0;39m ?[32mDEBUG?[0;39m ?[35m30201?[0;39m ?[2m---?[0;39m ?[2m[    Test worker]?[0;39m ?[36morg.hibernate.type.BasicTypeRegistry    ?[0;39m ?[2m:?[0;39m Adding type registration java.sql.Date -> org.hibernate.type.DateType@607ba6a9
?[2m2019-02-24 20:13:31.445?[0;39m ?[32mDEBUG?[0;39m ?[35m30201?[0;39m ?[2m---?[0;39m ?[2m[    Test worker]?[0;39m ?[36morg.hibernate.type.BasicTypeRegistry    ?[0;39m ?[2m:?[0;39m Adding type registration time -> org.hibernate.type.TimeType@a5bd6c6
?[2m2019-02-24 20:13:31.446?[0;39m ?[32mDEBUG?[0;39m ?[35m30201?[0;39m ?[2m---?[0;39m ?[2m[    Test worker]?[0;39m ?[36morg.hibernate.type.BasicTypeRegistry    ?[0;39m ?[2m:?[0;39m Adding type registration java.sql.Time -> org.hibernate.type.TimeType@a5bd6c6
?[2m2019-02-24 20:13:31.449?[0;39m ?[32mDEBUG?[0;39m ?[35m30201?[0;39m ?[2m---?[0;39m ?[2m[    Test worker]?[0;39m ?[36morg.hibernate.type.BasicTypeRegistry    ?[0;39m ?[2m:?[0;39m Adding type registration timestamp -> org.hibernate.type.TimestampType@733d37e8
?[2m2019-02-24 20:13:31.452?[0;39m ?[32mDEBUG?[0;39m ?[35m30201?[0;39m ?[2m---?[0;39m ?[2m[    Test worker]?[0;39m ?[36morg.hibernate.type.BasicTypeRegistry    ?[0;39m ?[2m:?[0;39m Adding type registration java.sql.Timestamp -> org.hibernate.type.TimestampType@733d37e8
?[2m2019-02-24 20:13:31.452?[0;39m ?[32mDEBUG?[0;39m ?[35m30201?[0;39m ?[2m---?[0;39m ?[2m[    Test worker]?[0;39m ?[36morg.hibernate.type.BasicTypeRegistry    ?[0;39m ?[2m:?[0;39m Adding type registration java.util.Date -> org.hibernate.type.TimestampType@733d37e8
?[2m2019-02-24 20:13:31.454?[0;39m ?[32mDEBUG?[0;39m ?[35m30201?[0;39m ?[2m---?[0;39m ?[2m[    Test worker]?[0;39m ?[36morg.hibernate.type.BasicTypeRegistry    ?[0;39m ?[2m:?[0;39m Adding type registration dbtimestamp -> org.hibernate.type.DbTimestampType@553a0276
?[2m2019-02-24 20:13:31.456?[0;39m ?[32mDEBUG?[0;39m ?[35m30201?[0;39m ?[2m---?[0;39m ?[2m[    Test worker]?[0;39m ?[36morg.hibernate.type.BasicTypeRegistry    ?[0;39m ?[2m:?[0;39m Adding type registration calendar -> org.hibernate.type.CalendarType@698e8faf
?[2m2019-02-24 20:13:31.456?[0;39m ?[32mDEBUG?[0;39m ?[35m30201?[0;39m ?[2m---?[0;39m ?[2m[    Test worker]?[0;39m ?[36morg.hibernate.type.BasicTypeRegistry    ?[0;39m ?[2m:?[0;39m Adding type registration java.util.Calendar -> org.hibernate.type.CalendarType@698e8faf
?[2m2019-02-24 20:13:31.457?[0;39m ?[32mDEBUG?[0;39m ?[35m30201?[0;39m ?[2m---?[0;39m ?[2m[    Test worker]?[0;39m ?[36morg.hibernate.type.BasicTypeRegistry    ?[0;39m ?[2m:?[0;39m Adding type registration java.util.GregorianCalendar -> org.hibernate.type.CalendarType@698e8faf
?[2m2019-02-24 20:13:31.458?[0;39m ?[32mDEBUG?[0;39m ?[35m30201?[0;39m ?[2m---?[0;39m ?[2m[    Test worker]?[0;39m ?[36morg.hibernate.type.BasicTypeRegistry    ?[0;39m ?[2m:?[0;39m Adding type registration calendar_date -> org.hibernate.type.CalendarDateType@2e464a6
?[2m2019-02-24 20:13:31.460?[0;39m ?[32mDEBUG?[0;39m ?[35m30201?[0;39m ?[2m---?[0;39m ?[2m[    Test worker]?[0;39m ?[36morg.hibernate.type.BasicTypeRegistry    ?[0;39m ?[2m:?[0;39m Adding type registration locale -> org.hibernate.type.LocaleType@10a90cc1
?[2m2019-02-24 20:13:31.460?[0;39m ?[32mDEBUG?[0;39m ?[35m30201?[0;39m ?[2m---?[0;39m ?[2m[    Test worker]?[0;39m ?[36morg.hibernate.type.BasicTypeRegistry    ?[0;39m ?[2m:?[0;39m Adding type registration java.util.Locale -> org.hibernate.type.LocaleType@10a90cc1
?[2m2019-02-24 20:13:31.462?[0;39m ?[32mDEBUG?[0;39m ?[35m30201?[0;39m ?[2m---?[0;39m ?[2m[    Test worker]?[0;39m ?[36morg.hibernate.type.BasicTypeRegistry    ?[0;39m ?[2m:?[0;39m Adding type registration currency -> org.hibernate.type.CurrencyType@6a009582
?[2m2019-02-24 20:13:31.463?[0;39m ?[32mDEBUG?[0;39m ?[35m30201?[0;39m ?[2m---?[0;39m ?[2m[    Test worker]?[0;39m ?[36morg.hibernate.type.BasicTypeRegistry    ?[0;39m ?[2m:?[0;39m Adding type registration java.util.Currency -> org.hibernate.type.CurrencyType@6a009582
?[2m2019-02-24 20:13:31.464?[0;39m ?[32mDEBUG?[0;39m ?[35m30201?[0;39m ?[2m---?[0;39m ?[2m[    Test worker]?[0;39m ?[36morg.hibernate.type.BasicTypeRegistry    ?[0;39m ?[2m:?[0;39m Adding type registration timezone -> org.hibernate.type.TimeZoneType@436e94b2
?[2m2019-02-24 20:13:31.465?[0;39m ?[32mDEBUG?[0;39m ?[35m30201?[0;39m ?[2m---?[0;39m ?[2m[    Test worker]?[0;39m ?[36morg.hibernate.type.BasicTypeRegistry    ?[0;39m ?[2m:?[0;39m Adding type registration java.util.TimeZone -> org.hibernate.type.TimeZoneType@436e94b2
?[2m2019-02-24 20:13:31.467?[0;39m ?[32mDEBUG?[0;39m ?[35m30201?[0;39m ?[2m---?[0;39m ?[2m[    Test worker]?[0;39m ?[36morg.hibernate.type.BasicTypeRegistry    ?[0;39m ?[2m:?[0;39m Adding type registration class -> org.hibernate.type.ClassType@4d691c32
?[2m2019-02-24 20:13:31.467?[0;39m ?[32mDEBUG?[0;39m ?[35m30201?[0;39m ?[2m---?[0;39m ?[2m[    Test worker]?[0;39m ?[36morg.hibernate.type.BasicTypeRegistry    ?[0;39m ?[2m:?[0;39m Adding type registration java.lang.Class -> org.hibernate.type.ClassType@4d691c32
?[2m2019-02-24 20:13:31.469?[0;39m ?[32mDEBUG?[0;39m ?[35m30201?[0;39m ?[2m---?[0;39m ?[2m[    Test worker]?[0;39m ?[36morg.hibernate.type.BasicTypeRegistry    ?[0;39m ?[2m:?[0;39m Adding type registration uuid-binary -> org.hibernate.type.UUIDBinaryType@2f4ae44e
?[2m2019-02-24 20:13:31.469?[0;39m ?[32mDEBUG?[0;39m ?[35m30201?[0;39m ?[2m---?[0;39m ?[2m[    Test worker]?[0;39m ?[36morg.hibernate.type.BasicTypeRegistry    ?[0;39m ?[2m:?[0;39m Adding type registration java.util.UUID -> org.hibernate.type.UUIDBinaryType@2f4ae44e
?[2m2019-02-24 20:13:31.470?[0;39m ?[32mDEBUG?[0;39m ?[35m30201?[0;39m ?[2m---?[0;39m ?[2m[    Test worker]?[0;39m ?[36morg.hibernate.type.BasicTypeRegistry    ?[0;39m ?[2m:?[0;39m Adding type registration uuid-char -> org.hibernate.type.UUIDCharType@683cc05b
?[2m2019-02-24 20:13:31.472?[0;39m ?[32mDEBUG?[0;39m ?[35m30201?[0;39m ?[2m---?[0;39m ?[2m[    Test worker]?[0;39m ?[36morg.hibernate.type.BasicTypeRegistry    ?[0;39m ?[2m:?[0;39m Adding type registration binary -> org.hibernate.type.BinaryType@54f90170
?[2m2019-02-24 20:13:31.473?[0;39m ?[32mDEBUG?[0;39m ?[35m30201?[0;39m ?[2m---?[0;39m ?[2m[    Test worker]?[0;39m ?[36morg.hibernate.type.BasicTypeRegistry    ?[0;39m ?[2m:?[0;39m Adding type registration byte[] -> org.hibernate.type.BinaryType@54f90170
?[2m2019-02-24 20:13:31.473?[0;39m ?[32mDEBUG?[0;39m ?[35m30201?[0;39m ?[2m---?[0;39m ?[2m[    Test worker]?[0;39m ?[36morg.hibernate.type.BasicTypeRegistry    ?[0;39m ?[2m:?[0;39m Adding type registration [B -> org.hibernate.type.BinaryType@54f90170
?[2m2019-02-24 20:13:31.475?[0;39m ?[32mDEBUG?[0;39m ?[35m30201?[0;39m ?[2m---?[0;39m ?[2m[    Test worker]?[0;39m ?[36morg.hibernate.type.BasicTypeRegistry    ?[0;39m ?[2m:?[0;39m Adding type registration wrapper-binary -> org.hibernate.type.WrapperBinaryType@440c88a0
?[2m2019-02-24 20:13:31.475?[0;39m ?[32mDEBUG?[0;39m ?[35m30201?[0;39m ?[2m---?[0;39m ?[2m[    Test worker]?[0;39m ?[36morg.hibernate.type.BasicTypeRegistry    ?[0;39m ?[2m:?[0;39m Adding type registration Byte[] -> org.hibernate.type.WrapperBinaryType@440c88a0
?[2m2019-02-24 20:13:31.476?[0;39m ?[32mDEBUG?[0;39m ?[35m30201?[0;39m ?[2m---?[0;39m ?[2m[    Test worker]?[0;39m ?[36morg.hibernate.type.BasicTypeRegistry    ?[0;39m ?[2m:?[0;39m Adding type registration [Ljava.lang.Byte; -> org.hibernate.type.WrapperBinaryType@440c88a0
?[2m2019-02-24 20:13:31.478?[0;39m ?[32mDEBUG?[0;39m ?[35m30201?[0;39m ?[2m---?[0;39m ?[2m[    Test worker]?[0;39m ?[36morg.hibernate.type.BasicTypeRegistry    ?[0;39m ?[2m:?[0;39m Adding type registration row_version -> org.hibernate.type.RowVersionType@616faff6
?[2m2019-02-24 20:13:31.479?[0;39m ?[32mDEBUG?[0;39m ?[35m30201?[0;39m ?[2m---?[0;39m ?[2m[    Test worker]?[0;39m ?[36morg.hibernate.type.BasicTypeRegistry    ?[0;39m ?[2m:?[0;39m Adding type registration image -> org.hibernate.type.ImageType@32e39f9b
?[2m2019-02-24 20:13:31.481?[0;39m ?[32mDEBUG?[0;39m ?[35m30201?[0;39m ?[2m---?[0;39m ?[2m[    Test worker]?[0;39m ?[36morg.hibernate.type.BasicTypeRegistry    ?[0;39m ?[2m:?[0;39m Adding type registration characters -> org.hibernate.type.CharArrayType@421d6e87
?[2m2019-02-24 20:13:31.481?[0;39m ?[32mDEBUG?[0;39m ?[35m30201?[0;39m ?[2m---?[0;39m ?[2m[    Test worker]?[0;39m ?[36morg.hibernate.type.BasicTypeRegistry    ?[0;39m ?[2m:?[0;39m Adding type registration char[] -> org.hibernate.type.CharArrayType@421d6e87
?[2m2019-02-24 20:13:31.482?[0;39m ?[32mDEBUG?[0;39m ?[35m30201?[0;39m ?[2m---?[0;39m ?[2m[    Test worker]?[0;39m ?[36morg.hibernate.type.BasicTypeRegistry    ?[0;39m ?[2m:?[0;39m Adding type registration [C -> org.hibernate.type.CharArrayType@421d6e87
?[2m2019-02-24 20:13:31.483?[0;39m ?[32mDEBUG?[0;39m ?[35m30201?[0;39m ?[2m---?[0;39m ?[2m[    Test worker]?[0;39m ?[36morg.hibernate.type.BasicTypeRegistry    ?[0;39m ?[2m:?[0;39m Adding type registration wrapper-characters -> org.hibernate.type.CharacterArrayType@2f0d27b9
?[2m2019-02-24 20:13:31.483?[0;39m ?[32mDEBUG?[0;39m ?[35m30201?[0;39m ?[2m---?[0;39m ?[2m[    Test worker]?[0;39m ?[36morg.hibernate.type.BasicTypeRegistry    ?[0;39m ?[2m:?[0;39m Adding type registration [Ljava.lang.Character; -> org.hibernate.type.CharacterArrayType@2f0d27b9
?[2m2019-02-24 20:13:31.484?[0;39m ?[32mDEBUG?[0;39m ?[35m30201?[0;39m ?[2m---?[0;39m ?[2m[    Test worker]?[0;39m ?[36morg.hibernate.type.BasicTypeRegistry    ?[0;39m ?[2m:?[0;39m Adding type registration Character[] -> org.hibernate.type.CharacterArrayType@2f0d27b9
?[2m2019-02-24 20:13:31.485?[0;39m ?[32mDEBUG?[0;39m ?[35m30201?[0;39m ?[2m---?[0;39m ?[2m[    Test worker]?[0;39m ?[36morg.hibernate.type.BasicTypeRegistry    ?[0;39m ?[2m:?[0;39m Adding type registration text -> org.hibernate.type.TextType@436c108a
?[2m2019-02-24 20:13:31.486?[0;39m ?[32mDEBUG?[0;39m ?[35m30201?[0;39m ?[2m---?[0;39m ?[2m[    Test worker]?[0;39m ?[36morg.hibernate.type.BasicTypeRegistry    ?[0;39m ?[2m:?[0;39m Adding type registration ntext -> org.hibernate.type.NTextType@5d0b6b73
?[2m2019-02-24 20:13:31.489?[0;39m ?[32mDEBUG?[0;39m ?[35m30201?[0;39m ?[2m---?[0;39m ?[2m[    Test worker]?[0;39m ?[36morg.hibernate.type.BasicTypeRegistry    ?[0;39m ?[2m:?[0;39m Adding type registration blob -> org.hibernate.type.BlobType@18aa3356
?[2m2019-02-24 20:13:31.489?[0;39m ?[32mDEBUG?[0;39m ?[35m30201?[0;39m ?[2m---?[0;39m ?[2m[    Test worker]?[0;39m ?[36morg.hibernate.type.BasicTypeRegistry    ?[0;39m ?[2m:?[0;39m Adding type registration java.sql.Blob -> org.hibernate.type.BlobType@18aa3356
?[2m2019-02-24 20:13:31.490?[0;39m ?[32mDEBUG?[0;39m ?[35m30201?[0;39m ?[2m---?[0;39m ?[2m[    Test worker]?[0;39m ?[36morg.hibernate.type.BasicTypeRegistry    ?[0;39m ?[2m:?[0;39m Adding type registration materialized_blob -> org.hibernate.type.MaterializedBlobType@731e47
?[2m2019-02-24 20:13:31.491?[0;39m ?[32mDEBUG?[0;39m ?[35m30201?[0;39m ?[2m---?[0;39m ?[2m[    Test worker]?[0;39m ?[36morg.hibernate.type.BasicTypeRegistry    ?[0;39m ?[2m:?[0;39m Adding type registration clob -> org.hibernate.type.ClobType@4b0a5e00
?[2m2019-02-24 20:13:31.492?[0;39m ?[32mDEBUG?[0;39m ?[35m30201?[0;39m ?[2m---?[0;39m ?[2m[    Test worker]?[0;39m ?[36morg.hibernate.type.BasicTypeRegistry    ?[0;39m ?[2m:?[0;39m Adding type registration java.sql.Clob -> org.hibernate.type.ClobType@4b0a5e00
?[2m2019-02-24 20:13:31.494?[0;39m ?[32mDEBUG?[0;39m ?[35m30201?[0;39m ?[2m---?[0;39m ?[2m[    Test worker]?[0;39m ?[36morg.hibernate.type.BasicTypeRegistry    ?[0;39m ?[2m:?[0;39m Adding type registration nclob -> org.hibernate.type.NClobType@f0112a3
?[2m2019-02-24 20:13:31.495?[0;39m ?[32mDEBUG?[0;39m ?[35m30201?[0;39m ?[2m---?[0;39m ?[2m[    Test worker]?[0;39m ?[36morg.hibernate.type.BasicTypeRegistry    ?[0;39m ?[2m:?[0;39m Adding type registration java.sql.NClob -> org.hibernate.type.NClobType@f0112a3
?[2m2019-02-24 20:13:31.496?[0;39m ?[32mDEBUG?[0;39m ?[35m30201?[0;39m ?[2m---?[0;39m ?[2m[    Test worker]?[0;39m ?[36morg.hibernate.type.BasicTypeRegistry    ?[0;39m ?[2m:?[0;39m Adding type registration materialized_clob -> org.hibernate.type.MaterializedClobType@3ff724dc
?[2m2019-02-24 20:13:31.497?[0;39m ?[32mDEBUG?[0;39m ?[35m30201?[0;39m ?[2m---?[0;39m ?[2m[    Test worker]?[0;39m ?[36morg.hibernate.type.BasicTypeRegistry    ?[0;39m ?[2m:?[0;39m Adding type registration materialized_nclob -> org.hibernate.type.MaterializedNClobType@41484c22
?[2m2019-02-24 20:13:31.499?[0;39m ?[32mDEBUG?[0;39m ?[35m30201?[0;39m ?[2m---?[0;39m ?[2m[    Test worker]?[0;39m ?[36morg.hibernate.type.BasicTypeRegistry    ?[0;39m ?[2m:?[0;39m Adding type registration serializable -> org.hibernate.type.SerializableType@19528402
?[2m2019-02-24 20:13:31.505?[0;39m ?[32mDEBUG?[0;39m ?[35m30201?[0;39m ?[2m---?[0;39m ?[2m[    Test worker]?[0;39m ?[36morg.hibernate.type.BasicTypeRegistry    ?[0;39m ?[2m:?[0;39m Adding type registration object -> org.hibernate.type.ObjectType@49d9bb25
?[2m2019-02-24 20:13:31.506?[0;39m ?[32mDEBUG?[0;39m ?[35m30201?[0;39m ?[2m---?[0;39m ?[2m[    Test worker]?[0;39m ?[36morg.hibernate.type.BasicTypeRegistry    ?[0;39m ?[2m:?[0;39m Adding type registration java.lang.Object -> org.hibernate.type.ObjectType@49d9bb25
?[2m2019-02-24 20:13:31.507?[0;39m ?[32mDEBUG?[0;39m ?[35m30201?[0;39m ?[2m---?[0;39m ?[2m[    Test worker]?[0;39m ?[36morg.hibernate.type.BasicTypeRegistry    ?[0;39m ?[2m:?[0;39m Adding type registration imm_date -> org.hibernate.type.AdaptedImmutableType@1b25c1d6
?[2m2019-02-24 20:13:31.507?[0;39m ?[32mDEBUG?[0;39m ?[35m30201?[0;39m ?[2m---?[0;39m ?[2m[    Test worker]?[0;39m ?[36morg.hibernate.type.BasicTypeRegistry    ?[0;39m ?[2m:?[0;39m Adding type registration imm_time -> org.hibernate.type.AdaptedImmutableType@1f215104
?[2m2019-02-24 20:13:31.508?[0;39m ?[32mDEBUG?[0;39m ?[35m30201?[0;39m ?[2m---?[0;39m ?[2m[    Test worker]?[0;39m ?[36morg.hibernate.type.BasicTypeRegistry    ?[0;39m ?[2m:?[0;39m Adding type registration imm_timestamp -> org.hibernate.type.AdaptedImmutableType@24efa31f
?[2m2019-02-24 20:13:31.508?[0;39m ?[32mDEBUG?[0;39m ?[35m30201?[0;39m ?[2m---?[0;39m ?[2m[    Test worker]?[0;39m ?[36morg.hibernate.type.BasicTypeRegistry    ?[0;39m ?[2m:?[0;39m Adding type registration imm_dbtimestamp -> org.hibernate.type.AdaptedImmutableType@47a940f1
?[2m2019-02-24 20:13:31.508?[0;39m ?[32mDEBUG?[0;39m ?[35m30201?[0;39m ?[2m---?[0;39m ?[2m[    Test worker]?[0;39m ?[36morg.hibernate.type.BasicTypeRegistry    ?[0;39m ?[2m:?[0;39m Adding type registration imm_calendar -> org.hibernate.type.AdaptedImmutableType@72b702a3
?[2m2019-02-24 20:13:31.508?[0;39m ?[32mDEBUG?[0;39m ?[35m30201?[0;39m ?[2m---?[0;39m ?[2m[    Test worker]?[0;39m ?[36morg.hibernate.type.BasicTypeRegistry    ?[0;39m ?[2m:?[0;39m Adding type registration imm_calendar_date -> org.hibernate.type.AdaptedImmutableType@670bc480
?[2m2019-02-24 20:13:31.509?[0;39m ?[32mDEBUG?[0;39m ?[35m30201?[0;39m ?[2m---?[0;39m ?[2m[    Test worker]?[0;39m ?[36morg.hibernate.type.BasicTypeRegistry    ?[0;39m ?[2m:?[0;39m Adding type registration imm_binary -> org.hibernate.type.AdaptedImmutableType@3ea57425
?[2m2019-02-24 20:13:31.509?[0;39m ?[32mDEBUG?[0;39m ?[35m30201?[0;39m ?[2m---?[0;39m ?[2m[    Test worker]?[0;39m ?[36morg.hibernate.type.BasicTypeRegistry    ?[0;39m ?[2m:?[0;39m Adding type registration imm_serializable -> org.hibernate.type.AdaptedImmutableType@338605c8
?[2m2019-02-24 20:13:31.610?[0;39m ?[32m INFO?[0;39m ?[35m30201?[0;39m ?[2m---?[0;39m ?[2m[    Test worker]?[0;39m ?[36morg.hibernate.dialect.Dialect           ?[0;39m ?[2m:?[0;39m HHH000400: Using dialect: org.hibernate.dialect.H2Dialect
?[2m2019-02-24 20:13:31.703?[0;39m ?[32mDEBUG?[0;39m ?[35m30201?[0;39m ?[2m---?[0;39m ?[2m[    Test worker]?[0;39m ?[36mo.h.type.spi.TypeConfiguration$Scope    ?[0;39m ?[2m:?[0;39m Scoping TypeConfiguration [org.hibernate.type.spi.TypeConfiguration@6d46a6a3] to MetadataBuildingContext [org.hibernate.boot.internal.MetadataBuildingContextRootImpl@69735c01]
?[2m2019-02-24 20:13:32.018?[0;39m ?[32mDEBUG?[0;39m ?[35m30201?[0;39m ?[2m---?[0;39m ?[2m[    Test worker]?[0;39m ?[36mo.h.type.spi.TypeConfiguration$Scope    ?[0;39m ?[2m:?[0;39m Scoping TypeConfiguration [org.hibernate.type.spi.TypeConfiguration@6d46a6a3] to SessionFactoryImpl [org.hibernate.internal.SessionFactoryImpl@60d32add]
Hibernate: 
    
    drop table employee if exists
Hibernate: 
    
    drop table health if exists
Hibernate: 
    
    drop table project if exists
Hibernate: 
    
    drop table status if exists
Hibernate: 
    
    drop sequence if exists hibernate_sequence
Hibernate: create sequence hibernate_sequence start with 1 increment by 1
Hibernate: 
    
    create table employee (
       id bigint not null,
        creation_date timestamp,
        last_update_date timestamp,
        name varchar(255),
        primary key (id)
    )
Hibernate: 
    
    create table health (
       id bigint not null,
        creation_date timestamp,
        last_update_date timestamp,
        name varchar(255),
        primary key (id)
    )
Hibernate: 
    
    create table project (
       id bigint not null,
        actual_cost double,
        budget_cost double,
        creation_date timestamp,
        description varchar(255),
        forecasted_cost double,
        implementation_date timestamp,
        is_deleted boolean not null,
        last_update_date timestamp,
        milestone_date timestamp,
        name varchar(255),
        summary varchar(255),
        approver_id bigint,
        health_id bigint,
        milestone_status_id bigint,
        state_id bigint,
        submitter_id bigint,
        primary key (id)
    )
Hibernate: 
    
    create table status (
       id bigint not null,
        creation_date timestamp,
        last_update_date timestamp,
        name varchar(255),
        primary key (id)
    )
Hibernate: 
    
    alter table project 
       add constraint FK839jkcm4ce5nqbx4jf26o847s 
       foreign key (approver_id) 
       references employee
Hibernate: 
    
    alter table project 
       add constraint FKia46waklj9gs3itlkbgxda8q 
       foreign key (health_id) 
       references health
Hibernate: 
    
    alter table project 
       add constraint FK36jp853cl85ma31ujf8xgjmxi 
       foreign key (milestone_status_id) 
       references status
Hibernate: 
    
    alter table project 
       add constraint FKi9qme16iq7fa29a5y3j3m4brm 
       foreign key (state_id) 
       references status
Hibernate: 
    
    alter table project 
       add constraint FK57tbmo99v4dyf1c0fpayjjqr 
       foreign key (submitter_id) 
       references employee
?[2m2019-02-24 20:13:32.614?[0;39m ?[32m INFO?[0;39m ?[35m30201?[0;39m ?[2m---?[0;39m ?[2m[    Test worker]?[0;39m ?[36mo.h.t.schema.internal.SchemaCreatorImpl ?[0;39m ?[2m:?[0;39m HHH000476: Executing import script 'org.hibernate.tool.schema.internal.exec.ScriptSourceInputNonExistentImpl@28e311cb'
?[2m2019-02-24 20:13:32.617?[0;39m ?[32mTRACE?[0;39m ?[35m30201?[0;39m ?[2m---?[0;39m ?[2m[    Test worker]?[0;39m ?[36mo.h.type.spi.TypeConfiguration$Scope    ?[0;39m ?[2m:?[0;39m Handling #sessionFactoryCreated from [org.hibernate.internal.SessionFactoryImpl@60d32add] for TypeConfiguration
?[2m2019-02-24 20:13:32.619?[0;39m ?[32m INFO?[0;39m ?[35m30201?[0;39m ?[2m---?[0;39m ?[2m[    Test worker]?[0;39m ?[36mj.LocalContainerEntityManagerFactoryBean?[0;39m ?[2m:?[0;39m Initialized JPA EntityManagerFactory for persistence unit 'default'
?[2m2019-02-24 20:13:32.624?[0;39m ?[32mDEBUG?[0;39m ?[35m30201?[0;39m ?[2m---?[0;39m ?[2m[    Test worker]?[0;39m ?[36mo.s.jdbc.datasource.DataSourceUtils     ?[0;39m ?[2m:?[0;39m Fetching JDBC Connection from DataSource
?[2m2019-02-24 20:13:32.625?[0;39m ?[32mDEBUG?[0;39m ?[35m30201?[0;39m ?[2m---?[0;39m ?[2m[    Test worker]?[0;39m ?[36mo.s.jdbc.datasource.DataSourceUtils     ?[0;39m ?[2m:?[0;39m Fetching JDBC Connection from DataSource
?[2m2019-02-24 20:13:32.628?[0;39m ?[32mDEBUG?[0;39m ?[35m30201?[0;39m ?[2m---?[0;39m ?[2m[    Test worker]?[0;39m ?[36mo.s.jdbc.datasource.DataSourceUtils     ?[0;39m ?[2m:?[0;39m Fetching JDBC Connection from DataSource
?[2m2019-02-24 20:13:32.630?[0;39m ?[32mDEBUG?[0;39m ?[35m30201?[0;39m ?[2m---?[0;39m ?[2m[    Test worker]?[0;39m ?[36mo.s.jdbc.datasource.init.ScriptUtils    ?[0;39m ?[2m:?[0;39m Executing SQL script from URL [file:/home/icy/source/java/spring-projectclass/Status_Reporting_Tool_G1/core/build/resources/main/data.sql]
?[2m2019-02-24 20:13:32.633?[0;39m ?[32mDEBUG?[0;39m ?[35m30201?[0;39m ?[2m---?[0;39m ?[2m[    Test worker]?[0;39m ?[36mo.s.jdbc.datasource.init.ScriptUtils    ?[0;39m ?[2m:?[0;39m 1 returned as update count for SQL: insert into status (id, name) values (1, 'Active')
?[2m2019-02-24 20:13:32.633?[0;39m ?[32mDEBUG?[0;39m ?[35m30201?[0;39m ?[2m---?[0;39m ?[2m[    Test worker]?[0;39m ?[36mo.s.jdbc.datasource.init.ScriptUtils    ?[0;39m ?[2m:?[0;39m 1 returned as update count for SQL: insert into status (id, name) values (2, 'In-Active')
[...]
?[2m2019-02-24 20:13:36.959?[0;39m ?[32mTRACE?[0;39m ?[35m30201?[0;39m ?[2m---?[0;39m ?[2m[    Test worker]?[0;39m ?[36mo.h.type.descriptor.sql.BasicBinder     ?[0;39m ?[2m:?[0;39m binding parameter [10] as [TIMESTAMP] - [2019-02-24T20:13:36.956]
?[2m2019-02-24 20:13:36.960?[0;39m ?[32mTRACE?[0;39m ?[35m30201?[0;39m ?[2m---?[0;39m ?[2m[    Test worker]?[0;39m ?[36mo.h.type.descriptor.sql.BasicBinder     ?[0;39m ?[2m:?[0;39m binding parameter [11] as [TIMESTAMP] - [2019-02-24T20:13:36.930]
?[2m2019-02-24 20:13:36.960?[0;39m ?[32mTRACE?[0;39m ?[35m30201?[0;39m ?[2m---?[0;39m ?[2m[    Test worker]?[0;39m ?[36mo.h.type.descriptor.sql.BasicBinder     ?[0;39m ?[2m:?[0;39m binding parameter [12] as [BIGINT] - [null]
?[2m2019-02-24 20:13:36.960?[0;39m ?[32mTRACE?[0;39m ?[35m30201?[0;39m ?[2m---?[0;39m ?[2m[    Test worker]?[0;39m ?[36mo.h.type.descriptor.sql.BasicBinder     ?[0;39m ?[2m:?[0;39m binding parameter [13] as [VARCHAR] - [Doomsday]
?[2m2019-02-24 20:13:36.960?[0;39m ?[32mTRACE?[0;39m ?[35m30201?[0;39m ?[2m---?[0;39m ?[2m[    Test worker]?[0;39m ?[36mo.h.type.descriptor.sql.BasicBinder     ?[0;39m ?[2m:?[0;39m binding parameter [14] as [BIGINT] - [null]
?[2m2019-02-24 20:13:36.961?[0;39m ?[32mTRACE?[0;39m ?[35m30201?[0;39m ?[2m---?[0;39m ?[2m[    Test worker]?[0;39m ?[36mo.h.type.descriptor.sql.BasicBinder     ?[0;39m ?[2m:?[0;39m binding parameter [15] as [BIGINT] - [null]
?[2m2019-02-24 20:13:36.961?[0;39m ?[32mTRACE?[0;39m ?[35m30201?[0;39m ?[2m---?[0;39m ?[2m[    Test worker]?[0;39m ?[36mo.h.type.descriptor.sql.BasicBinder     ?[0;39m ?[2m:?[0;39m binding parameter [16] as [VARCHAR] - [Classified]
?[2m2019-02-24 20:13:36.961?[0;39m ?[32mTRACE?[0;39m ?[35m30201?[0;39m ?[2m---?[0;39m ?[2m[    Test worker]?[0;39m ?[36mo.h.type.descriptor.sql.BasicBinder     ?[0;39m ?[2m:?[0;39m binding parameter [17] as [BIGINT] - [1]
?[2m2019-02-24 20:13:36.963?[0;39m ?[32mDEBUG?[0;39m ?[35m30201?[0;39m ?[2m---?[0;39m ?[2m[    Test worker]?[0;39m ?[36mo.s.orm.jpa.JpaTransactionManager       ?[0;39m ?[2m:?[0;39m Closing JPA EntityManager [SessionImpl(322959520<open>)] after transaction
?[2m2019-02-24 20:13:36.964?[0;39m ?[32m INFO?[0;39m ?[35m30201?[0;39m ?[2m---?[0;39m ?[2m[    Test worker]?[0;39m ?[36mi.StatisticalLoggingSessionEventListener?[0;39m ?[2m:?[0;39m Session Metrics {
    26738 nanoseconds spent acquiring 1 JDBC connections;
    0 nanoseconds spent releasing 0 JDBC connections;
    1774537 nanoseconds spent preparing 2 JDBC statements;
    1022107 nanoseconds spent executing 2 JDBC statements;
    0 nanoseconds spent executing 0 JDBC batches;
    0 nanoseconds spent performing 0 L2C puts;
    0 nanoseconds spent performing 0 L2C hits;
    0 nanoseconds spent performing 0 L2C misses;
    7701651 nanoseconds spent executing 1 flushes (flushing a total of 1 entities and 0 collections);
    0 nanoseconds spent executing 0 partial-flushes (flushing a total of 0 entities and 0 collections)
}
?[2m2019-02-24 20:13:36.964?[0;39m ?[32m INFO?[0;39m ?[35m30201?[0;39m ?[2m---?[0;39m ?[2m[    Test worker]?[0;39m ?[36mc.tool.reporting.service.ProjectService ?[0;39m ?[2m:?[0;39m ProjectService: getProjectByName() method called
?[2m2019-02-24 20:13:36.970?[0;39m ?[32mDEBUG?[0;39m ?[35m30201?[0;39m ?[2m---?[0;39m ?[2m[    Test worker]?[0;39m ?[36mtor$SharedEntityManagerInvocationHandler?[0;39m ?[2m:?[0;39m Creating new EntityManager for shared EntityManager invocation
?[2m2019-02-24 20:13:37.015?[0;39m ?[32m INFO?[0;39m ?[35m30201?[0;39m ?[2m---?[0;39m ?[2m[    Test worker]?[0;39m ?[36mo.h.h.i.QueryTranslatorFactoryInitiator ?[0;39m ?[2m:?[0;39m HHH000397: Using ASTQueryTranslatorFactory
Hibernate: 
    select
        project0_.id as id1_2_,
        project0_.actual_cost as actual_c2_2_,
        project0_.approver_id as approve13_2_,
        project0_.budget_cost as budget_c3_2_,
        project0_.creation_date as creation4_2_,
        project0_.description as descript5_2_,
        project0_.forecasted_cost as forecast6_2_,
        project0_.health_id as health_14_2_,
        project0_.implementation_date as implemen7_2_,
        project0_.is_deleted as is_delet8_2_,
        project0_.last_update_date as last_upd9_2_,
        project0_.milestone_date as milesto10_2_,
        project0_.milestone_status_id as milesto15_2_,
        project0_.name as name11_2_,
        project0_.state_id as state_i16_2_,
        project0_.submitter_id as submitt17_2_,
        project0_.summary as summary12_2_ 
    from
        project project0_ 
    where
        (
            project0_.is_deleted = 0 
        ) 
        and project0_.name=?
?[2m2019-02-24 20:13:37.173?[0;39m ?[32mTRACE?[0;39m ?[35m30201?[0;39m ?[2m---?[0;39m ?[2m[    Test worker]?[0;39m ?[36mo.h.type.descriptor.sql.BasicBinder     ?[0;39m ?[2m:?[0;39m binding parameter [1] as [VARCHAR] - [Doomsday]
?[2m2019-02-24 20:13:37.174?[0;39m ?[32mTRACE?[0;39m ?[35m30201?[0;39m ?[2m---?[0;39m ?[2m[    Test worker]?[0;39m ?[36mo.h.type.descriptor.sql.BasicExtractor  ?[0;39m ?[2m:?[0;39m extracted value ([id1_2_] : [BIGINT]) - [1]
?[2m2019-02-24 20:13:37.174?[0;39m ?[32mTRACE?[0;39m ?[35m30201?[0;39m ?[2m---?[0;39m ?[2m[    Test worker]?[0;39m ?[36mo.h.type.descriptor.sql.BasicExtractor  ?[0;39m ?[2m:?[0;39m extracted value ([actual_c2_2_] : [DOUBLE]) - [1011.0]
?[2m2019-02-24 20:13:37.174?[0;39m ?[32mTRACE?[0;39m ?[35m30201?[0;39m ?[2m---?[0;39m ?[2m[    Test worker]?[0;39m ?[36mo.h.type.descriptor.sql.BasicExtractor  ?[0;39m ?[2m:?[0;39m extracted value ([approve13_2_] : [BIGINT]) - [null]
?[2m2019-02-24 20:13:37.175?[0;39m ?[32mTRACE?[0;39m ?[35m30201?[0;39m ?[2m---?[0;39m ?[2m[    Test worker]?[0;39m ?[36mo.h.type.descriptor.sql.BasicExtractor  ?[0;39m ?[2m:?[0;39m extracted value ([budget_c3_2_] : [DOUBLE]) - [1000.0]
?[2m2019-02-24 20:13:37.175?[0;39m ?[32mTRACE?[0;39m ?[35m30201?[0;39m ?[2m---?[0;39m ?[2m[    Test worker]?[0;39m ?[36mo.h.type.descriptor.sql.BasicExtractor  ?[0;39m ?[2m:?[0;39m extracted value ([creation4_2_] : [TIMESTAMP]) - [2019-02-24T20:13:36.956]
?[2m2019-02-24 20:13:37.175?[0;39m ?[32mTRACE?[0;39m ?[35m30201?[0;39m ?[2m---?[0;39m ?[2m[    Test worker]?[0;39m ?[36mo.h.type.descriptor.sql.BasicExtractor  ?[0;39m ?[2m:?[0;39m extracted value ([descript5_2_] : [VARCHAR]) - [A top secret project led by William Birkins]
?[2m2019-02-24 20:13:37.175?[0;39m ?[32mTRACE?[0;39m ?[35m30201?[0;39m ?[2m---?[0;39m ?[2m[    Test worker]?[0;39m ?[36mo.h.type.descriptor.sql.BasicExtractor  ?[0;39m ?[2m:?[0;39m extracted value ([forecast6_2_] : [DOUBLE]) - [1500.0]
?[2m2019-02-24 20:13:37.175?[0;39m ?[32mTRACE?[0;39m ?[35m30201?[0;39m ?[2m---?[0;39m ?[2m[    Test worker]?[0;39m ?[36mo.h.type.descriptor.sql.BasicExtractor  ?[0;39m ?[2m:?[0;39m extracted value ([health_14_2_] : [BIGINT]) - [null]
?[2m2019-02-24 20:13:37.176?[0;39m ?[32mTRACE?[0;39m ?[35m30201?[0;39m ?[2m---?[0;39m ?[2m[    Test worker]?[0;39m ?[36mo.h.type.descriptor.sql.BasicExtractor  ?[0;39m ?[2m:?[0;39m extracted value ([implemen7_2_] : [TIMESTAMP]) - [2019-02-24T20:13:36.930]
?[2m2019-02-24 20:13:37.176?[0;39m ?[32mTRACE?[0;39m ?[35m30201?[0;39m ?[2m---?[0;39m ?[2m[    Test worker]?[0;39m ?[36mo.h.type.descriptor.sql.BasicExtractor  ?[0;39m ?[2m:?[0;39m extracted value ([is_delet8_2_] : [BOOLEAN]) - [false]
?[2m2019-02-24 20:13:37.176?[0;39m ?[32mTRACE?[0;39m ?[35m30201?[0;39m ?[2m---?[0;39m ?[2m[    Test worker]?[0;39m ?[36mo.h.type.descriptor.sql.BasicExtractor  ?[0;39m ?[2m:?[0;39m extracted value ([last_upd9_2_] : [TIMESTAMP]) - [2019-02-24T20:13:36.956]
?[2m2019-02-24 20:13:37.176?[0;39m ?[32mTRACE?[0;39m ?[35m30201?[0;39m ?[2m---?[0;39m ?[2m[    Test worker]?[0;39m ?[36mo.h.type.descriptor.sql.BasicExtractor  ?[0;39m ?[2m:?[0;39m extracted value ([milesto10_2_] : [TIMESTAMP]) - [2019-02-24T20:13:36.930]
?[2m2019-02-24 20:13:37.176?[0;39m ?[32mTRACE?[0;39m ?[35m30201?[0;39m ?[2m---?[0;39m ?[2m[    Test worker]?[0;39m ?[36mo.h.type.descriptor.sql.BasicExtractor  ?[0;39m ?[2m:?[0;39m extracted value ([milesto15_2_] : [BIGINT]) - [null]
?[2m2019-02-24 20:13:37.177?[0;39m ?[32mTRACE?[0;39m ?[35m30201?[0;39m ?[2m---?[0;39m ?[2m[    Test worker]?[0;39m ?[36mo.h.type.descriptor.sql.BasicExtractor  ?[0;39m ?[2m:?[0;39m extracted value ([name11_2_] : [VARCHAR]) - [Doomsday]
?[2m2019-02-24 20:13:37.177?[0;39m ?[32mTRACE?[0;39m ?[35m30201?[0;39m ?[2m---?[0;39m ?[2m[    Test worker]?[0;39m ?[36mo.h.type.descriptor.sql.BasicExtractor  ?[0;39m ?[2m:?[0;39m extracted value ([state_i16_2_] : [BIGINT]) - [null]
?[2m2019-02-24 20:13:37.177?[0;39m ?[32mTRACE?[0;39m ?[35m30201?[0;39m ?[2m---?[0;39m ?[2m[    Test worker]?[0;39m ?[36mo.h.type.descriptor.sql.BasicExtractor  ?[0;39m ?[2m:?[0;39m extracted value ([submitt17_2_] : [BIGINT]) - [null]
?[2m2019-02-24 20:13:37.177?[0;39m ?[32mTRACE?[0;39m ?[35m30201?[0;39m ?[2m---?[0;39m ?[2m[    Test worker]?[0;39m ?[36mo.h.type.descriptor.sql.BasicExtractor  ?[0;39m ?[2m:?[0;39m extracted value ([summary12_2_] : [VARCHAR]) - [Classified]
?[2m2019-02-24 20:13:37.178?[0;39m ?[32mDEBUG?[0;39m ?[35m30201?[0;39m ?[2m---?[0;39m ?[2m[    Test worker]?[0;39m ?[36mo.h.stat.internal.StatisticsImpl        ?[0;39m ?[2m:?[0;39m HHH000117: HQL: select generatedAlias0 from Project as generatedAlias0 where generatedAlias0.name=:param0, time: 7ms, rows: 1
?[2m2019-02-24 20:13:37.181?[0;39m ?[32m INFO?[0;39m ?[35m30201?[0;39m ?[2m---?[0;39m ?[2m[    Test worker]?[0;39m ?[36mi.StatisticalLoggingSessionEventListener?[0;39m ?[2m:?[0;39m Session Metrics {
    29610 nanoseconds spent acquiring 1 JDBC connections;
    0 nanoseconds spent releasing 0 JDBC connections;
    1032523 nanoseconds spent preparing 1 JDBC statements;
    391365 nanoseconds spent executing 1 JDBC statements;
    0 nanoseconds spent executing 0 JDBC batches;
    0 nanoseconds spent performing 0 L2C puts;
    0 nanoseconds spent performing 0 L2C hits;
    0 nanoseconds spent performing 0 L2C misses;
    0 nanoseconds spent executing 0 flushes (flushing a total of 0 entities and 0 collections);
    0 nanoseconds spent executing 0 partial-flushes (flushing a total of 0 entities and 0 collections)
}
?[2m2019-02-24 20:13:37.182?[0;39m ?[32m INFO?[0;39m ?[35m30201?[0;39m ?[2m---?[0;39m ?[2m[    Test worker]?[0;39m ?[36mc.tool.reporting.service.ProjectService ?[0;39m ?[2m:?[0;39m Project fetched: Project(id=1, submitter=null, name=Doomsday, description=A top secret project led by William Birkins, approver=null, state=null, health=null, summary=Classified, budgetCost=1000.0, actualCost=1011.0, forecastedCost=1500.0, implementationDate=2019-02-24T20:13:36.930, milestoneDate=2019-02-24T20:13:36.930, milestoneStatus=null, isDeleted=false, creationDate=2019-02-24T20:13:36.956, lastUpdateDate=2019-02-24T20:13:36.956)
?[2m2019-02-24 20:13:37.183?[0;39m ?[32m INFO?[0;39m ?[35m30201?[0;39m ?[2m---?[0;39m ?[2m[    Test worker]?[0;39m ?[36mcom.tool.reporting.ProjectServiceTest   ?[0;39m ?[2m:?[0;39m Retrieved Project Project(id=1, submitter=null, name=Doomsday, description=A top secret project led by William Birkins, approver=null, state=null, health=null, summary=Classified, budgetCost=1000.0, actualCost=1011.0, forecastedCost=1500.0, implementationDate=2019-02-24T20:13:36.930, milestoneDate=2019-02-24T20:13:36.930, milestoneStatus=null, isDeleted=false, creationDate=2019-02-24T20:13:36.956, lastUpdateDate=2019-02-24T20:13:36.956)
?[2m2019-02-24 20:13:37.183?[0;39m ?[32mDEBUG?[0;39m ?[35m30201?[0;39m ?[2m---?[0;39m ?[2m[    Test worker]?[0;39m ?[36mc.DefaultCacheAwareContextLoaderDelegate?[0;39m ?[2m:?[0;39m Retrieved ApplicationContext from cache with key [[MergedContextConfiguration@3e2acc98 testClass = ProjectServiceTest, locations = '{}', classes = '{class com.tool.reporting.SpringCoreApplication, class com.tool.reporting.SpringCoreApplication}', contextInitializerClasses = '[]', activeProfiles = '{}', propertySourceLocations = '{}', propertySourceProperties = '{org.springframework.boot.test.context.SpringBootTestContextBootstrapper=true}', contextCustomizers = set[org.spockframework.spring.mock.SpockContextCustomizer@0, org.springframework.boot.test.autoconfigure.properties.PropertyMappingContextCustomizer@0, org.springframework.boot.test.autoconfigure.web.servlet.WebDriverContextCustomizerFactory$Customizer@f9b5fd8, org.springframework.boot.test.context.filter.ExcludeFilterContextCustomizer@5d4634c4, org.springframework.boot.test.json.DuplicateJsonObjectContextCustomizerFactory$DuplicateJsonObjectContextCustomizer@32fb2516, org.springframework.boot.test.mock.mockito.MockitoContextCustomizer@0, org.springframework.boot.test.web.client.TestRestTemplateContextCustomizer@5e15b86d], contextLoader = 'org.springframework.boot.test.context.SpringBootContextLoader', parent = [null]]]
?[2m2019-02-24 20:13:37.183?[0;39m ?[32mDEBUG?[0;39m ?[35m30201?[0;39m ?[2m---?[0;39m ?[2m[    Test worker]?[0;39m ?[36morg.springframework.test.context.cache  ?[0;39m ?[2m:?[0;39m Spring test ApplicationContext cache statistics: [DefaultContextCache@334ddfd5 size = 1, maxSize = 32, parentContextCount = 0, hitCount = 10, missCount = 3]
?[2m2019-02-24 20:13:37.184?[0;39m ?[32mDEBUG?[0;39m ?[35m30201?[0;39m ?[2m---?[0;39m ?[2m[    Test worker]?[0;39m ?[36mc.DefaultCacheAwareContextLoaderDelegate?[0;39m ?[2m:?[0;39m Retrieved ApplicationContext from cache with key [[MergedContextConfiguration@3e2acc98 testClass = ProjectServiceTest, locations = '{}', classes = '{class com.tool.reporting.SpringCoreApplication, class com.tool.reporting.SpringCoreApplication}', contextInitializerClasses = '[]', activeProfiles = '{}', propertySourceLocations = '{}', propertySourceProperties = '{org.springframework.boot.test.context.SpringBootTestContextBootstrapper=true}', contextCustomizers = set[org.spockframework.spring.mock.SpockContextCustomizer@0, org.springframework.boot.test.autoconfigure.properties.PropertyMappingContextCustomizer@0, org.springframework.boot.test.autoconfigure.web.servlet.WebDriverContextCustomizerFactory$Customizer@f9b5fd8, org.springframework.boot.test.context.filter.ExcludeFilterContextCustomizer@5d4634c4, org.springframework.boot.test.json.DuplicateJsonObjectContextCustomizerFactory$DuplicateJsonObjectContextCustomizer@32fb2516, org.springframework.boot.test.mock.mockito.MockitoContextCustomizer@0, org.springframework.boot.test.web.client.TestRestTemplateContextCustomizer@5e15b86d], contextLoader = 'org.springframework.boot.test.context.SpringBootContextLoader', parent = [null]]]
?[2m2019-02-24 20:13:37.184?[0;39m ?[32mDEBUG?[0;39m ?[35m30201?[0;39m ?[2m---?[0;39m ?[2m[    Test worker]?[0;39m ?[36morg.springframework.test.context.cache  ?[0;39m ?[2m:?[0;39m Spring test ApplicationContext cache statistics: [DefaultContextCache@334ddfd5 size = 1, maxSize = 32, parentContextCount = 0, hitCount = 11, missCount = 3]
?[2m2019-02-24 20:13:37.184?[0;39m ?[32mDEBUG?[0;39m ?[35m30201?[0;39m ?[2m---?[0;39m ?[2m[    Test worker]?[0;39m ?[36mc.DefaultCacheAwareContextLoaderDelegate?[0;39m ?[2m:?[0;39m Retrieved ApplicationContext from cache with key [[MergedContextConfiguration@3e2acc98 testClass = ProjectServiceTest, locations = '{}', classes = '{class com.tool.reporting.SpringCoreApplication, class com.tool.reporting.SpringCoreApplication}', contextInitializerClasses = '[]', activeProfiles = '{}', propertySourceLocations = '{}', propertySourceProperties = '{org.springframework.boot.test.context.SpringBootTestContextBootstrapper=true}', contextCustomizers = set[org.spockframework.spring.mock.SpockContextCustomizer@0, org.springframework.boot.test.autoconfigure.properties.PropertyMappingContextCustomizer@0, org.springframework.boot.test.autoconfigure.web.servlet.WebDriverContextCustomizerFactory$Customizer@f9b5fd8, org.springframework.boot.test.context.filter.ExcludeFilterContextCustomizer@5d4634c4, org.springframework.boot.test.json.DuplicateJsonObjectContextCustomizerFactory$DuplicateJsonObjectContextCustomizer@32fb2516, org.springframework.boot.test.mock.mockito.MockitoContextCustomizer@0, org.springframework.boot.test.web.client.TestRestTemplateContextCustomizer@5e15b86d], contextLoader = 'org.springframework.boot.test.context.SpringBootContextLoader', parent = [null]]]
?[2m2019-02-24 20:13:37.184?[0;39m ?[32mDEBUG?[0;39m ?[35m30201?[0;39m ?[2m---?[0;39m ?[2m[    Test worker]?[0;39m ?[36morg.springframework.test.context.cache  ?[0;39m ?[2m:?[0;39m Spring test ApplicationContext cache statistics: [DefaultContextCache@334ddfd5 size = 1, maxSize = 32, parentContextCount = 0, hitCount = 12, missCount = 3]
?[2m2019-02-24 20:13:37.185?[0;39m ?[32mDEBUG?[0;39m ?[35m30201?[0;39m ?[2m---?[0;39m ?[2m[    Test worker]?[0;39m ?[36mtractDirtiesContextTestExecutionListener?[0;39m ?[2m:?[0;39m After test method: context [DefaultTestContext@3429216c testClass = ProjectServiceTest, testInstance = com.tool.reporting.ProjectServiceTest@515a21d4, testMethod = saveProjectTest@ProjectServiceTest, testException = [null], mergedContextConfiguration = [MergedContextConfiguration@3e2acc98 testClass = ProjectServiceTest, locations = '{}', classes = '{class com.tool.reporting.SpringCoreApplication, class com.tool.reporting.SpringCoreApplication}', contextInitializerClasses = '[]', activeProfiles = '{}', propertySourceLocations = '{}', propertySourceProperties = '{org.springframework.boot.test.context.SpringBootTestContextBootstrapper=true}', contextCustomizers = set[org.spockframework.spring.mock.SpockContextCustomizer@0, org.springframework.boot.test.autoconfigure.properties.PropertyMappingContextCustomizer@0, org.springframework.boot.test.autoconfigure.web.servlet.WebDriverContextCustomizerFactory$Customizer@f9b5fd8, org.springframework.boot.test.context.filter.ExcludeFilterContextCustomizer@5d4634c4, org.springframework.boot.test.json.DuplicateJsonObjectContextCustomizerFactory$DuplicateJsonObjectContextCustomizer@32fb2516, org.springframework.boot.test.mock.mockito.MockitoContextCustomizer@0, org.springframework.boot.test.web.client.TestRestTemplateContextCustomizer@5e15b86d], contextLoader = 'org.springframework.boot.test.context.SpringBootContextLoader', parent = [null]], attributes = map[[empty]]], class annotated with @DirtiesContext [false] with mode [null], method annotated with @DirtiesContext [false] with mode [null].
?[2m2019-02-24 20:13:37.186?[0;39m ?[32mDEBUG?[0;39m ?[35m30201?[0;39m ?[2m---?[0;39m ?[2m[    Test worker]?[0;39m ?[36mtractDirtiesContextTestExecutionListener?[0;39m ?[2m:?[0;39m After test class: context [DefaultTestContext@3429216c testClass = ProjectServiceTest, testInstance = [null], testMethod = [null], testException = [null], mergedContextConfiguration = [MergedContextConfiguration@3e2acc98 testClass = ProjectServiceTest, locations = '{}', classes = '{class com.tool.reporting.SpringCoreApplication, class com.tool.reporting.SpringCoreApplication}', contextInitializerClasses = '[]', activeProfiles = '{}', propertySourceLocations = '{}', propertySourceProperties = '{org.springframework.boot.test.context.SpringBootTestContextBootstrapper=true}', contextCustomizers = set[org.spockframework.spring.mock.SpockContextCustomizer@0, org.springframework.boot.test.autoconfigure.properties.PropertyMappingContextCustomizer@0, org.springframework.boot.test.autoconfigure.web.servlet.WebDriverContextCustomizerFactory$Customizer@f9b5fd8, org.springframework.boot.test.context.filter.ExcludeFilterContextCustomizer@5d4634c4, org.springframework.boot.test.json.DuplicateJsonObjectContextCustomizerFactory$DuplicateJsonObjectContextCustomizer@32fb2516, org.springframework.boot.test.mock.mockito.MockitoContextCustomizer@0, org.springframework.boot.test.web.client.TestRestTemplateContextCustomizer@5e15b86d], contextLoader = 'org.springframework.boot.test.context.SpringBootContextLoader', parent = [null]], attributes = map[[empty]]], class annotated with @DirtiesContext [false] with mode [null].
]]></system-out>
  <system-err><![CDATA[]]></system-err>
</testsuite>
